#
# A fatal error has been detected by the Java Runtime Environment:
#
#  EXCEPTION_UNCAUGHT_CXX_EXCEPTION (0xe06d7363) at pc=0x00007ffde591a388, pid=13236, tid=14952
#
# JRE version: Java(TM) SE Runtime Environment (11.0.1+13) (build 11.0.1+13-LTS)
# Java VM: Java HotSpot(TM) 64-Bit Server VM (11.0.1+13-LTS, mixed mode, tiered, compressed oops, g1 gc, windows-amd64)
# Problematic frame:
# C  [KERNELBASE.dll+0x3a388]
#
# No core dump will be written. Minidumps are not enabled by default on client versions of Windows
#
# If you would like to submit a bug report, please visit:
#   http://bugreport.java.com/bugreport/crash.jsp
# The crash happened outside the Java Virtual Machine in native code.
# See problematic frame for where to report the bug.
#

---------------  S U M M A R Y ------------

Command Line: -Djava.library.path=C:\Users\Gabe\Documents\javalibs -Dfile.encoding=Cp1252 Main C:\\Git\\TORC-2019-Repository\\Vision Project\\dev\\frc.json -d

Host: Intel(R) Core(TM) i5-3320M CPU @ 2.60GHz, 4 cores, 7G,  Windows 10 , 64 bit Build 17134 (10.0.17134.648)
Time: Tue Mar 19 19:10:47 2019 Eastern Daylight Time elapsed time: 1 seconds (0d 0h 0m 1s)

---------------  T H R E A D  ---------------

Current thread (0x00000226f6a71800):  JavaThread "pool-1-thread-1" [_thread_in_native, id=14952, stack(0x000000562ff00000,0x0000005630000000)]

Stack: [0x000000562ff00000,0x0000005630000000],  sp=0x000000562fffe250,  free space=1016k
Native frames: (J=compiled Java code, j=interpreted, Vv=VM code, C=native code)
C  [KERNELBASE.dll+0x3a388]
C  [vcruntime140.dll+0x46e2]
C  [cscorejni.dll.7ca781a9691104de355355a3717da257+0x6c16c]

Java frames: (J=compiled Java code, j=interpreted, Vv=VM code)
j  edu.wpi.cscore.CameraServerJNI.putSourceFrame(IJ)V+0
j  edu.wpi.cscore.CvSource.putFrame(Lorg/opencv/core/Mat;)V+8
j  Main.lambda$2(Ledu/wpi/cscore/CvSource;Lorg/opencv/core/Mat;)V+2
j  Main$$Lambda$30.onEvent(Lorg/opencv/core/Mat;)V+5
j  CameraCapture.updateNewFrameEventList(Lorg/opencv/core/Mat;)V+25
j  CameraCapture.access$2(LCameraCapture;Lorg/opencv/core/Mat;)V+2
j  CameraCapture$1.run()V+31
j  java.util.concurrent.Executors$RunnableAdapter.call()Ljava/lang/Object;+4 java.base@11.0.1
j  java.util.concurrent.FutureTask.runAndReset()Z+44 java.base@11.0.1
j  java.util.concurrent.ScheduledThreadPoolExecutor$ScheduledFutureTask.run()V+35 java.base@11.0.1
j  java.util.concurrent.ThreadPoolExecutor.runWorker(Ljava/util/concurrent/ThreadPoolExecutor$Worker;)V+92 java.base@11.0.1
j  java.util.concurrent.ThreadPoolExecutor$Worker.run()V+5 java.base@11.0.1
j  java.lang.Thread.run()V+11 java.base@11.0.1
v  ~StubRoutines::call_stub

siginfo: EXCEPTION_UNCAUGHT_CXX_EXCEPTION (0xe06d7363), ExceptionInformation=0x0000000019930520 0x000000562fffe3e8 0x00007ffdcd499228 0x00007ffdcd200000 


Register to memory mapping:

RIP=0x00007ffde591a388 KERNELBASE.dll
RAX=0x00007ffd9d620000 jvm.dll
RBX=0x000000562fffe4c8 is pointing into the stack for thread: 0x00000226f6a71800
RCX=0x000000562fffe2a8 is pointing into the stack for thread: 0x00000226f6a71800
RDX=0x00007ffdcd2698a3 cscorejni.dll.7ca781a9691104de355355a3717da257
RSP=0x000000562fffe250 is pointing into the stack for thread: 0x00000226f6a71800
RBP=0x000000562fffe390 is pointing into the stack for thread: 0x00000226f6a71800
RSI=0x00007ffdcd499228 cscorejni.dll.7ca781a9691104de355355a3717da257
RDI=0x000000562fffe518 is pointing into the stack for thread: 0x00000226f6a71800
R8 =0x00007ffdcd2698f1 cscorejni.dll.7ca781a9691104de355355a3717da257
R9 =0x00007ffdcd40c388 cscorejni.dll.7ca781a9691104de355355a3717da257
R10=0x0 is NULL
R11=0x000000562fffe200 is pointing into the stack for thread: 0x00000226f6a71800
R12=0x0 is NULL
R13=0x00000226f6a5c0a0 points into unknown readable memory
R14=0x000000562fffe3e8 is pointing into the stack for thread: 0x00000226f6a71800
R15=0x000000562fffe4f8 is pointing into the stack for thread: 0x00000226f6a71800


Registers:
RAX=0x00007ffd9d620000, RBX=0x000000562fffe4c8, RCX=0x000000562fffe2a8, RDX=0x00007ffdcd2698a3
RSP=0x000000562fffe250, RBP=0x000000562fffe390, RSI=0x00007ffdcd499228, RDI=0x000000562fffe518
R8 =0x00007ffdcd2698f1, R9 =0x00007ffdcd40c388, R10=0x0000000000000000, R11=0x000000562fffe200
R12=0x0000000000000000, R13=0x00000226f6a5c0a0, R14=0x000000562fffe3e8, R15=0x000000562fffe4f8
RIP=0x00007ffde591a388, EFLAGS=0x0000000000000202

Top of Stack: (sp=0x000000562fffe250)
0x000000562fffe250:   0000022600000000 000000562fffe4c8
0x000000562fffe260:   00007ffdcd499228 000000562fffe518
0x000000562fffe270:   00000001e06d7363 0000000000000000
0x000000562fffe280:   00007ffde591a388 0000000000000004
0x000000562fffe290:   0000000019930520 000000562fffe3e8
0x000000562fffe2a0:   00007ffdcd499228 00007ffdcd200000
0x000000562fffe2b0:   000000562fffe3e8 0000000000000000
0x000000562fffe2c0:   000000562fffe518 00007ffdcd499228
0x000000562fffe2d0:   000000562fffe390 00007ffde8700f6f
0x000000562fffe2e0:   000000562fffe3b0 00007ffd00000000
0x000000562fffe2f0:   0000000000000000 00000226d5530000
0x000000562fffe300:   00007ffdcd4c2000 00007ffdcd200000
0x000000562fffe310:   00005b133db0236a 0000000000000000
0x000000562fffe320:   000000562fffe4c8 00007ffde2e646e2
0x000000562fffe330:   000000562fffe578 00007ffde4f6bfb6
0x000000562fffe340:   000000000000007f 00000000ffffff29 

Instructions: (pc=0x00007ffde591a388)
0x00007ffde591a368:   49 8b d1 44 0f 47 c0 44 89 44 24 38 49 c1 e0 03
0x00007ffde591a378:   e8 ba 46 04 00 48 8d 4c 24 20 ff 15 d0 82 14 00
0x00007ffde591a388:   48 8b 8c 24 c0 00 00 00 48 33 cc e8 f8 05 04 00
0x00007ffde591a398:   48 81 c4 d8 00 00 00 c3 83 64 24 38 00 eb d6 cc 



---------------  P R O C E S S  ---------------

Threads class SMR info:
_java_thread_list=0x00000226f6a09b80, length=16, elements={
0x00000226d57d2000, 0x00000226f59cc800, 0x00000226f59d6800, 0x00000226f59e3800,
0x00000226f59e5800, 0x00000226f59e7000, 0x00000226f5a0d000, 0x00000226f5a0e000,
0x00000226f6480000, 0x00000226f6490800, 0x00000226f68ce000, 0x00000226f69ea800,
0x00000226f6a25800, 0x00000226f6a5f800, 0x00000226f6a71800, 0x00000226f648a000
}

Java Threads: ( => current thread )
  0x00000226d57d2000 JavaThread "main" [_thread_blocked, id=12500, stack(0x000000562e200000,0x000000562e300000)]
  0x00000226f59cc800 JavaThread "Reference Handler" daemon [_thread_blocked, id=15268, stack(0x000000562e900000,0x000000562ea00000)]
  0x00000226f59d6800 JavaThread "Finalizer" daemon [_thread_blocked, id=12596, stack(0x000000562ea00000,0x000000562eb00000)]
  0x00000226f59e3800 JavaThread "Signal Dispatcher" daemon [_thread_blocked, id=12412, stack(0x000000562eb00000,0x000000562ec00000)]
  0x00000226f59e5800 JavaThread "Attach Listener" daemon [_thread_blocked, id=10808, stack(0x000000562ec00000,0x000000562ed00000)]
  0x00000226f59e7000 JavaThread "C2 CompilerThread0" daemon [_thread_in_native, id=12116, stack(0x000000562ed00000,0x000000562ee00000)]
  0x00000226f5a0d000 JavaThread "C1 CompilerThread0" daemon [_thread_blocked, id=11760, stack(0x000000562ee00000,0x000000562ef00000)]
  0x00000226f5a0e000 JavaThread "Sweeper thread" daemon [_thread_blocked, id=12032, stack(0x000000562ef00000,0x000000562f000000)]
  0x00000226f6480000 JavaThread "Service Thread" daemon [_thread_blocked, id=12068, stack(0x000000562f000000,0x000000562f100000)]
  0x00000226f6490800 JavaThread "Common-Cleaner" daemon [_thread_blocked, id=14700, stack(0x000000562f200000,0x000000562f300000)]
  0x00000226f68ce000 JavaThread "Thread-0" [_thread_in_Java, id=14712, stack(0x000000562f500000,0x000000562f600000)]
  0x00000226f69ea800 JavaThread "Thread-1" [_thread_in_Java, id=11972, stack(0x000000562f600000,0x000000562f700000)]
  0x00000226f6a25800 JavaThread "CSListener" daemon [_thread_in_Java, id=13380, stack(0x000000562f900000,0x000000562fa00000)]
  0x00000226f6a5f800 JavaThread "NTEntryListener" daemon [_thread_in_native, id=15132, stack(0x000000562fd00000,0x000000562fe00000)]
=>0x00000226f6a71800 JavaThread "pool-1-thread-1" [_thread_in_native, id=14952, stack(0x000000562ff00000,0x0000005630000000)]
  0x00000226f648a000 JavaThread "C2 CompilerThread1" daemon [_thread_in_native, id=12012, stack(0x0000005630000000,0x0000005630100000)]

Other Threads:
  0x00000226f59a7800 VMThread "VM Thread" [stack: 0x000000562e800000,0x000000562e900000] [id=11924]
  0x00000226f648b800 WatcherThread [stack: 0x000000562f100000,0x000000562f200000] [id=12496]
  0x00000226d57e8000 GCTaskThread "GC Thread#0" [stack: 0x000000562e300000,0x000000562e400000] [id=868]
  0x00000226d5817000 ConcurrentGCThread "G1 Main Marker" [stack: 0x000000562e400000,0x000000562e500000] [id=11132]
  0x00000226d5819800 ConcurrentGCThread "G1 Conc#0" [stack: 0x000000562e500000,0x000000562e600000] [id=3848]
  0x00000226d58ab000 ConcurrentGCThread "G1 Refine#0" [stack: 0x000000562e600000,0x000000562e700000] [id=7240]
  0x00000226d58ad000 ConcurrentGCThread "G1 Young RemSet Sampling" [stack: 0x000000562e700000,0x000000562e800000] [id=12036]

Threads with active compile tasks:
C2 CompilerThread0 874       4       jdk.internal.org.objectweb.asm.Frame::execute (2264 bytes)
C2 CompilerThread1 911       4       jdk.internal.org.objectweb.asm.ClassWriter::newUTF8 (70 bytes)

VM state:not at safepoint (normal execution)

VM Mutex/Monitor currently owned by a thread: None

Heap address: 0x0000000082c00000, size: 2004 MB, Compressed Oops mode: 32-bit
Narrow klass base: 0x0000000000000000, Narrow klass shift: 3
Compressed class space size: 1073741824 Address: 0x0000000100000000

Heap:
 garbage-first heap   total 129024K, used 11264K [0x0000000082c00000, 0x0000000100000000)
  region size 1024K, 12 young (12288K), 0 survivors (0K)
 Metaspace       used 11404K, capacity 11841K, committed 12032K, reserved 1060864K
  class space    used 1087K, capacity 1242K, committed 1280K, reserved 1048576K
Heap Regions: E=young(eden), S=young(survivor), O=old, HS=humongous(starts), HC=humongous(continues), CS=collection set, F=free, A=archive, TAMS=top-at-mark-start (previous, next)
|   0|0x0000000082c00000, 0x0000000082c00000, 0x0000000082d00000|  0%| F|  |TAMS 0x0000000082c00000, 0x0000000082c00000| Untracked 
|   1|0x0000000082d00000, 0x0000000082d00000, 0x0000000082e00000|  0%| F|  |TAMS 0x0000000082d00000, 0x0000000082d00000| Untracked 
|   2|0x0000000082e00000, 0x0000000082e00000, 0x0000000082f00000|  0%| F|  |TAMS 0x0000000082e00000, 0x0000000082e00000| Untracked 
|   3|0x0000000082f00000, 0x0000000082f00000, 0x0000000083000000|  0%| F|  |TAMS 0x0000000082f00000, 0x0000000082f00000| Untracked 
|   4|0x0000000083000000, 0x0000000083000000, 0x0000000083100000|  0%| F|  |TAMS 0x0000000083000000, 0x0000000083000000| Untracked 
|   5|0x0000000083100000, 0x0000000083100000, 0x0000000083200000|  0%| F|  |TAMS 0x0000000083100000, 0x0000000083100000| Untracked 
|   6|0x0000000083200000, 0x0000000083200000, 0x0000000083300000|  0%| F|  |TAMS 0x0000000083200000, 0x0000000083200000| Untracked 
|   7|0x0000000083300000, 0x0000000083300000, 0x0000000083400000|  0%| F|  |TAMS 0x0000000083300000, 0x0000000083300000| Untracked 
|   8|0x0000000083400000, 0x0000000083400000, 0x0000000083500000|  0%| F|  |TAMS 0x0000000083400000, 0x0000000083400000| Untracked 
|   9|0x0000000083500000, 0x0000000083500000, 0x0000000083600000|  0%| F|  |TAMS 0x0000000083500000, 0x0000000083500000| Untracked 
|  10|0x0000000083600000, 0x0000000083600000, 0x0000000083700000|  0%| F|  |TAMS 0x0000000083600000, 0x0000000083600000| Untracked 
|  11|0x0000000083700000, 0x0000000083700000, 0x0000000083800000|  0%| F|  |TAMS 0x0000000083700000, 0x0000000083700000| Untracked 
|  12|0x0000000083800000, 0x0000000083800000, 0x0000000083900000|  0%| F|  |TAMS 0x0000000083800000, 0x0000000083800000| Untracked 
|  13|0x0000000083900000, 0x0000000083900000, 0x0000000083a00000|  0%| F|  |TAMS 0x0000000083900000, 0x0000000083900000| Untracked 
|  14|0x0000000083a00000, 0x0000000083a00000, 0x0000000083b00000|  0%| F|  |TAMS 0x0000000083a00000, 0x0000000083a00000| Untracked 
|  15|0x0000000083b00000, 0x0000000083b00000, 0x0000000083c00000|  0%| F|  |TAMS 0x0000000083b00000, 0x0000000083b00000| Untracked 
|  16|0x0000000083c00000, 0x0000000083c00000, 0x0000000083d00000|  0%| F|  |TAMS 0x0000000083c00000, 0x0000000083c00000| Untracked 
|  17|0x0000000083d00000, 0x0000000083d00000, 0x0000000083e00000|  0%| F|  |TAMS 0x0000000083d00000, 0x0000000083d00000| Untracked 
|  18|0x0000000083e00000, 0x0000000083e00000, 0x0000000083f00000|  0%| F|  |TAMS 0x0000000083e00000, 0x0000000083e00000| Untracked 
|  19|0x0000000083f00000, 0x0000000083f00000, 0x0000000084000000|  0%| F|  |TAMS 0x0000000083f00000, 0x0000000083f00000| Untracked 
|  20|0x0000000084000000, 0x0000000084000000, 0x0000000084100000|  0%| F|  |TAMS 0x0000000084000000, 0x0000000084000000| Untracked 
|  21|0x0000000084100000, 0x0000000084100000, 0x0000000084200000|  0%| F|  |TAMS 0x0000000084100000, 0x0000000084100000| Untracked 
|  22|0x0000000084200000, 0x0000000084200000, 0x0000000084300000|  0%| F|  |TAMS 0x0000000084200000, 0x0000000084200000| Untracked 
|  23|0x0000000084300000, 0x0000000084300000, 0x0000000084400000|  0%| F|  |TAMS 0x0000000084300000, 0x0000000084300000| Untracked 
|  24|0x0000000084400000, 0x0000000084400000, 0x0000000084500000|  0%| F|  |TAMS 0x0000000084400000, 0x0000000084400000| Untracked 
|  25|0x0000000084500000, 0x0000000084500000, 0x0000000084600000|  0%| F|  |TAMS 0x0000000084500000, 0x0000000084500000| Untracked 
|  26|0x0000000084600000, 0x0000000084600000, 0x0000000084700000|  0%| F|  |TAMS 0x0000000084600000, 0x0000000084600000| Untracked 
|  27|0x0000000084700000, 0x0000000084700000, 0x0000000084800000|  0%| F|  |TAMS 0x0000000084700000, 0x0000000084700000| Untracked 
|  28|0x0000000084800000, 0x0000000084800000, 0x0000000084900000|  0%| F|  |TAMS 0x0000000084800000, 0x0000000084800000| Untracked 
|  29|0x0000000084900000, 0x0000000084900000, 0x0000000084a00000|  0%| F|  |TAMS 0x0000000084900000, 0x0000000084900000| Untracked 
|  30|0x0000000084a00000, 0x0000000084a00000, 0x0000000084b00000|  0%| F|  |TAMS 0x0000000084a00000, 0x0000000084a00000| Untracked 
|  31|0x0000000084b00000, 0x0000000084b00000, 0x0000000084c00000|  0%| F|  |TAMS 0x0000000084b00000, 0x0000000084b00000| Untracked 
|  32|0x0000000084c00000, 0x0000000084c00000, 0x0000000084d00000|  0%| F|  |TAMS 0x0000000084c00000, 0x0000000084c00000| Untracked 
|  33|0x0000000084d00000, 0x0000000084d00000, 0x0000000084e00000|  0%| F|  |TAMS 0x0000000084d00000, 0x0000000084d00000| Untracked 
|  34|0x0000000084e00000, 0x0000000084e00000, 0x0000000084f00000|  0%| F|  |TAMS 0x0000000084e00000, 0x0000000084e00000| Untracked 
|  35|0x0000000084f00000, 0x0000000084f00000, 0x0000000085000000|  0%| F|  |TAMS 0x0000000084f00000, 0x0000000084f00000| Untracked 
|  36|0x0000000085000000, 0x0000000085000000, 0x0000000085100000|  0%| F|  |TAMS 0x0000000085000000, 0x0000000085000000| Untracked 
|  37|0x0000000085100000, 0x0000000085100000, 0x0000000085200000|  0%| F|  |TAMS 0x0000000085100000, 0x0000000085100000| Untracked 
|  38|0x0000000085200000, 0x0000000085200000, 0x0000000085300000|  0%| F|  |TAMS 0x0000000085200000, 0x0000000085200000| Untracked 
|  39|0x0000000085300000, 0x0000000085300000, 0x0000000085400000|  0%| F|  |TAMS 0x0000000085300000, 0x0000000085300000| Untracked 
|  40|0x0000000085400000, 0x0000000085400000, 0x0000000085500000|  0%| F|  |TAMS 0x0000000085400000, 0x0000000085400000| Untracked 
|  41|0x0000000085500000, 0x0000000085500000, 0x0000000085600000|  0%| F|  |TAMS 0x0000000085500000, 0x0000000085500000| Untracked 
|  42|0x0000000085600000, 0x0000000085600000, 0x0000000085700000|  0%| F|  |TAMS 0x0000000085600000, 0x0000000085600000| Untracked 
|  43|0x0000000085700000, 0x0000000085700000, 0x0000000085800000|  0%| F|  |TAMS 0x0000000085700000, 0x0000000085700000| Untracked 
|  44|0x0000000085800000, 0x0000000085800000, 0x0000000085900000|  0%| F|  |TAMS 0x0000000085800000, 0x0000000085800000| Untracked 
|  45|0x0000000085900000, 0x0000000085900000, 0x0000000085a00000|  0%| F|  |TAMS 0x0000000085900000, 0x0000000085900000| Untracked 
|  46|0x0000000085a00000, 0x0000000085a00000, 0x0000000085b00000|  0%| F|  |TAMS 0x0000000085a00000, 0x0000000085a00000| Untracked 
|  47|0x0000000085b00000, 0x0000000085b00000, 0x0000000085c00000|  0%| F|  |TAMS 0x0000000085b00000, 0x0000000085b00000| Untracked 
|  48|0x0000000085c00000, 0x0000000085c00000, 0x0000000085d00000|  0%| F|  |TAMS 0x0000000085c00000, 0x0000000085c00000| Untracked 
|  49|0x0000000085d00000, 0x0000000085d00000, 0x0000000085e00000|  0%| F|  |TAMS 0x0000000085d00000, 0x0000000085d00000| Untracked 
|  50|0x0000000085e00000, 0x0000000085e00000, 0x0000000085f00000|  0%| F|  |TAMS 0x0000000085e00000, 0x0000000085e00000| Untracked 
|  51|0x0000000085f00000, 0x0000000085f00000, 0x0000000086000000|  0%| F|  |TAMS 0x0000000085f00000, 0x0000000085f00000| Untracked 
|  52|0x0000000086000000, 0x0000000086000000, 0x0000000086100000|  0%| F|  |TAMS 0x0000000086000000, 0x0000000086000000| Untracked 
|  53|0x0000000086100000, 0x0000000086100000, 0x0000000086200000|  0%| F|  |TAMS 0x0000000086100000, 0x0000000086100000| Untracked 
|  54|0x0000000086200000, 0x0000000086200000, 0x0000000086300000|  0%| F|  |TAMS 0x0000000086200000, 0x0000000086200000| Untracked 
|  55|0x0000000086300000, 0x0000000086300000, 0x0000000086400000|  0%| F|  |TAMS 0x0000000086300000, 0x0000000086300000| Untracked 
|  56|0x0000000086400000, 0x0000000086400000, 0x0000000086500000|  0%| F|  |TAMS 0x0000000086400000, 0x0000000086400000| Untracked 
|  57|0x0000000086500000, 0x0000000086500000, 0x0000000086600000|  0%| F|  |TAMS 0x0000000086500000, 0x0000000086500000| Untracked 
|  58|0x0000000086600000, 0x0000000086600000, 0x0000000086700000|  0%| F|  |TAMS 0x0000000086600000, 0x0000000086600000| Untracked 
|  59|0x0000000086700000, 0x0000000086700000, 0x0000000086800000|  0%| F|  |TAMS 0x0000000086700000, 0x0000000086700000| Untracked 
|  60|0x0000000086800000, 0x0000000086800000, 0x0000000086900000|  0%| F|  |TAMS 0x0000000086800000, 0x0000000086800000| Untracked 
|  61|0x0000000086900000, 0x0000000086900000, 0x0000000086a00000|  0%| F|  |TAMS 0x0000000086900000, 0x0000000086900000| Untracked 
|  62|0x0000000086a00000, 0x0000000086a00000, 0x0000000086b00000|  0%| F|  |TAMS 0x0000000086a00000, 0x0000000086a00000| Untracked 
|  63|0x0000000086b00000, 0x0000000086b00000, 0x0000000086c00000|  0%| F|  |TAMS 0x0000000086b00000, 0x0000000086b00000| Untracked 
|  64|0x0000000086c00000, 0x0000000086c00000, 0x0000000086d00000|  0%| F|  |TAMS 0x0000000086c00000, 0x0000000086c00000| Untracked 
|  65|0x0000000086d00000, 0x0000000086d00000, 0x0000000086e00000|  0%| F|  |TAMS 0x0000000086d00000, 0x0000000086d00000| Untracked 
|  66|0x0000000086e00000, 0x0000000086e00000, 0x0000000086f00000|  0%| F|  |TAMS 0x0000000086e00000, 0x0000000086e00000| Untracked 
|  67|0x0000000086f00000, 0x0000000086f00000, 0x0000000087000000|  0%| F|  |TAMS 0x0000000086f00000, 0x0000000086f00000| Untracked 
|  68|0x0000000087000000, 0x0000000087000000, 0x0000000087100000|  0%| F|  |TAMS 0x0000000087000000, 0x0000000087000000| Untracked 
|  69|0x0000000087100000, 0x0000000087100000, 0x0000000087200000|  0%| F|  |TAMS 0x0000000087100000, 0x0000000087100000| Untracked 
|  70|0x0000000087200000, 0x0000000087200000, 0x0000000087300000|  0%| F|  |TAMS 0x0000000087200000, 0x0000000087200000| Untracked 
|  71|0x0000000087300000, 0x0000000087300000, 0x0000000087400000|  0%| F|  |TAMS 0x0000000087300000, 0x0000000087300000| Untracked 
|  72|0x0000000087400000, 0x0000000087400000, 0x0000000087500000|  0%| F|  |TAMS 0x0000000087400000, 0x0000000087400000| Untracked 
|  73|0x0000000087500000, 0x0000000087500000, 0x0000000087600000|  0%| F|  |TAMS 0x0000000087500000, 0x0000000087500000| Untracked 
|  74|0x0000000087600000, 0x0000000087600000, 0x0000000087700000|  0%| F|  |TAMS 0x0000000087600000, 0x0000000087600000| Untracked 
|  75|0x0000000087700000, 0x0000000087700000, 0x0000000087800000|  0%| F|  |TAMS 0x0000000087700000, 0x0000000087700000| Untracked 
|  76|0x0000000087800000, 0x0000000087800000, 0x0000000087900000|  0%| F|  |TAMS 0x0000000087800000, 0x0000000087800000| Untracked 
|  77|0x0000000087900000, 0x0000000087900000, 0x0000000087a00000|  0%| F|  |TAMS 0x0000000087900000, 0x0000000087900000| Untracked 
|  78|0x0000000087a00000, 0x0000000087a00000, 0x0000000087b00000|  0%| F|  |TAMS 0x0000000087a00000, 0x0000000087a00000| Untracked 
|  79|0x0000000087b00000, 0x0000000087b00000, 0x0000000087c00000|  0%| F|  |TAMS 0x0000000087b00000, 0x0000000087b00000| Untracked 
|  80|0x0000000087c00000, 0x0000000087c00000, 0x0000000087d00000|  0%| F|  |TAMS 0x0000000087c00000, 0x0000000087c00000| Untracked 
|  81|0x0000000087d00000, 0x0000000087d00000, 0x0000000087e00000|  0%| F|  |TAMS 0x0000000087d00000, 0x0000000087d00000| Untracked 
|  82|0x0000000087e00000, 0x0000000087e00000, 0x0000000087f00000|  0%| F|  |TAMS 0x0000000087e00000, 0x0000000087e00000| Untracked 
|  83|0x0000000087f00000, 0x0000000087f00000, 0x0000000088000000|  0%| F|  |TAMS 0x0000000087f00000, 0x0000000087f00000| Untracked 
|  84|0x0000000088000000, 0x0000000088000000, 0x0000000088100000|  0%| F|  |TAMS 0x0000000088000000, 0x0000000088000000| Untracked 
|  85|0x0000000088100000, 0x0000000088100000, 0x0000000088200000|  0%| F|  |TAMS 0x0000000088100000, 0x0000000088100000| Untracked 
|  86|0x0000000088200000, 0x0000000088200000, 0x0000000088300000|  0%| F|  |TAMS 0x0000000088200000, 0x0000000088200000| Untracked 
|  87|0x0000000088300000, 0x0000000088300000, 0x0000000088400000|  0%| F|  |TAMS 0x0000000088300000, 0x0000000088300000| Untracked 
|  88|0x0000000088400000, 0x0000000088400000, 0x0000000088500000|  0%| F|  |TAMS 0x0000000088400000, 0x0000000088400000| Untracked 
|  89|0x0000000088500000, 0x0000000088500000, 0x0000000088600000|  0%| F|  |TAMS 0x0000000088500000, 0x0000000088500000| Untracked 
|  90|0x0000000088600000, 0x0000000088600000, 0x0000000088700000|  0%| F|  |TAMS 0x0000000088600000, 0x0000000088600000| Untracked 
|  91|0x0000000088700000, 0x0000000088700000, 0x0000000088800000|  0%| F|  |TAMS 0x0000000088700000, 0x0000000088700000| Untracked 
|  92|0x0000000088800000, 0x0000000088800000, 0x0000000088900000|  0%| F|  |TAMS 0x0000000088800000, 0x0000000088800000| Untracked 
|  93|0x0000000088900000, 0x0000000088900000, 0x0000000088a00000|  0%| F|  |TAMS 0x0000000088900000, 0x0000000088900000| Untracked 
|  94|0x0000000088a00000, 0x0000000088a00000, 0x0000000088b00000|  0%| F|  |TAMS 0x0000000088a00000, 0x0000000088a00000| Untracked 
|  95|0x0000000088b00000, 0x0000000088b00000, 0x0000000088c00000|  0%| F|  |TAMS 0x0000000088b00000, 0x0000000088b00000| Untracked 
|  96|0x0000000088c00000, 0x0000000088c00000, 0x0000000088d00000|  0%| F|  |TAMS 0x0000000088c00000, 0x0000000088c00000| Untracked 
|  97|0x0000000088d00000, 0x0000000088d00000, 0x0000000088e00000|  0%| F|  |TAMS 0x0000000088d00000, 0x0000000088d00000| Untracked 
|  98|0x0000000088e00000, 0x0000000088e00000, 0x0000000088f00000|  0%| F|  |TAMS 0x0000000088e00000, 0x0000000088e00000| Untracked 
|  99|0x0000000088f00000, 0x0000000088f00000, 0x0000000089000000|  0%| F|  |TAMS 0x0000000088f00000, 0x0000000088f00000| Untracked 
| 100|0x0000000089000000, 0x0000000089000000, 0x0000000089100000|  0%| F|  |TAMS 0x0000000089000000, 0x0000000089000000| Untracked 
| 101|0x0000000089100000, 0x0000000089100000, 0x0000000089200000|  0%| F|  |TAMS 0x0000000089100000, 0x0000000089100000| Untracked 
| 102|0x0000000089200000, 0x0000000089200000, 0x0000000089300000|  0%| F|  |TAMS 0x0000000089200000, 0x0000000089200000| Untracked 
| 103|0x0000000089300000, 0x0000000089300000, 0x0000000089400000|  0%| F|  |TAMS 0x0000000089300000, 0x0000000089300000| Untracked 
| 104|0x0000000089400000, 0x0000000089400000, 0x0000000089500000|  0%| F|  |TAMS 0x0000000089400000, 0x0000000089400000| Untracked 
| 105|0x0000000089500000, 0x0000000089500000, 0x0000000089600000|  0%| F|  |TAMS 0x0000000089500000, 0x0000000089500000| Untracked 
| 106|0x0000000089600000, 0x0000000089600000, 0x0000000089700000|  0%| F|  |TAMS 0x0000000089600000, 0x0000000089600000| Untracked 
| 107|0x0000000089700000, 0x0000000089700000, 0x0000000089800000|  0%| F|  |TAMS 0x0000000089700000, 0x0000000089700000| Untracked 
| 108|0x0000000089800000, 0x0000000089800000, 0x0000000089900000|  0%| F|  |TAMS 0x0000000089800000, 0x0000000089800000| Untracked 
| 109|0x0000000089900000, 0x0000000089900000, 0x0000000089a00000|  0%| F|  |TAMS 0x0000000089900000, 0x0000000089900000| Untracked 
| 110|0x0000000089a00000, 0x0000000089a00000, 0x0000000089b00000|  0%| F|  |TAMS 0x0000000089a00000, 0x0000000089a00000| Untracked 
| 111|0x0000000089b00000, 0x0000000089b00000, 0x0000000089c00000|  0%| F|  |TAMS 0x0000000089b00000, 0x0000000089b00000| Untracked 
| 112|0x0000000089c00000, 0x0000000089c00000, 0x0000000089d00000|  0%| F|  |TAMS 0x0000000089c00000, 0x0000000089c00000| Untracked 
| 113|0x0000000089d00000, 0x0000000089d48318, 0x0000000089e00000| 28%| E|  |TAMS 0x0000000089d00000, 0x0000000089d00000| Complete 
| 114|0x0000000089e00000, 0x0000000089f00000, 0x0000000089f00000|100%| E|CS|TAMS 0x0000000089e00000, 0x0000000089e00000| Complete 
| 115|0x0000000089f00000, 0x000000008a000000, 0x000000008a000000|100%| E|CS|TAMS 0x0000000089f00000, 0x0000000089f00000| Complete 
| 116|0x000000008a000000, 0x000000008a100000, 0x000000008a100000|100%| E|CS|TAMS 0x000000008a000000, 0x000000008a000000| Complete 
| 117|0x000000008a100000, 0x000000008a200000, 0x000000008a200000|100%| E|CS|TAMS 0x000000008a100000, 0x000000008a100000| Complete 
| 118|0x000000008a200000, 0x000000008a300000, 0x000000008a300000|100%| E|CS|TAMS 0x000000008a200000, 0x000000008a200000| Complete 
| 119|0x000000008a300000, 0x000000008a400000, 0x000000008a400000|100%| E|CS|TAMS 0x000000008a300000, 0x000000008a300000| Complete 
| 120|0x000000008a400000, 0x000000008a500000, 0x000000008a500000|100%| E|CS|TAMS 0x000000008a400000, 0x000000008a400000| Complete 
| 121|0x000000008a500000, 0x000000008a600000, 0x000000008a600000|100%| E|CS|TAMS 0x000000008a500000, 0x000000008a500000| Complete 
| 122|0x000000008a600000, 0x000000008a700000, 0x000000008a700000|100%| E|CS|TAMS 0x000000008a600000, 0x000000008a600000| Complete 
| 123|0x000000008a700000, 0x000000008a800000, 0x000000008a800000|100%| E|CS|TAMS 0x000000008a700000, 0x000000008a700000| Complete 
| 124|0x000000008a800000, 0x000000008a900000, 0x000000008a900000|100%| E|CS|TAMS 0x000000008a800000, 0x000000008a800000| Complete 
| 125|0x000000008a900000, 0x000000008aa00000, 0x000000008aa00000|100%| E|CS|TAMS 0x000000008a900000, 0x000000008a900000| Complete 

Card table byte_map: [0x00000226eed00000,0x00000226ef0f0000] _byte_map_base: 0x00000226ee8ea000

Marking Bits (Prev, Next): (CMBitMap*) 0x00000226d580d608, (CMBitMap*) 0x00000226d580d640
 Prev Bits: [0x00000226ef4e0000, 0x00000226f1430000)
 Next Bits: [0x00000226f1430000, 0x00000226f3380000)

Polling page: 0x00000226d5590000

Metaspace:

Usage:
  Non-class:     10.46 MB capacity,    10.14 MB ( 97%) used,   291.39 KB (  3%) free+waste,    35.94 KB ( <1%) overhead. 
      Class:      1.24 MB capacity,     1.08 MB ( 87%) used,   145.34 KB ( 11%) free+waste,    17.81 KB (  1%) overhead. 
       Both:     11.69 MB capacity,    11.22 MB ( 96%) used,   436.73 KB (  4%) free+waste,    53.75 KB ( <1%) overhead. 

Virtual space:
  Non-class space:       12.00 MB reserved,      10.50 MB ( 88%) committed 
      Class space:        1.00 GB reserved,       1.25 MB ( <1%) committed 
             Both:        1.01 GB reserved,      11.75 MB (  1%) committed 

Chunk freelists:
   Non-Class:  5.38 KB
       Class:  0 bytes
        Both:  5.38 KB

CodeHeap 'non-profiled nmethods': size=120064Kb used=341Kb max_used=341Kb free=119722Kb
 bounds [0x00000226e6db0000, 0x00000226e7020000, 0x00000226ee2f0000]
CodeHeap 'profiled nmethods': size=120000Kb used=1619Kb max_used=1619Kb free=118380Kb
 bounds [0x00000226df880000, 0x00000226dfaf0000, 0x00000226e6db0000]
CodeHeap 'non-nmethods': size=5696Kb used=1173Kb max_used=1212Kb free=4522Kb
 bounds [0x00000226df2f0000, 0x00000226df560000, 0x00000226df880000]
 total_blobs=1670 nmethods=940 adapters=441
 compilation: enabled
              stopped_count=0, restarted_count=0
 full_count=0

Compilation events (10 events):
Event: 1.103 Thread 0x00000226f5a0d000  881       3       java.lang.invoke.LambdaForm::returnType (26 bytes)
Event: 1.103 Thread 0x00000226f5a0d000 nmethod 881 0x00000226df9fac90 code [0x00000226df9fae40, 0x00000226df9fb018]
Event: 1.104 Thread 0x00000226f5a0d000  883       3       jdk.internal.org.objectweb.asm.ClassWriter::addType (103 bytes)
Event: 1.104 Thread 0x00000226f5a0d000 nmethod 883 0x00000226df9fb110 code [0x00000226df9fb320, 0x00000226df9fba50]
Event: 1.107 Thread 0x00000226f5a0d000  888       3       java.lang.invoke.DirectMethodHandle::internalMemberName (8 bytes)
Event: 1.108 Thread 0x00000226f5a0d000 nmethod 888 0x00000226df9fbc90 code [0x00000226df9fbe40, 0x00000226df9fc078]
Event: 1.108 Thread 0x00000226f5a0d000  889       3       jdk.internal.org.objectweb.asm.MethodVisitor::<init> (35 bytes)
Event: 1.108 Thread 0x00000226f5a0d000 nmethod 889 0x00000226df9fc190 code [0x00000226df9fc360, 0x00000226df9fc6b0]
Event: 1.109 Thread 0x00000226f5a0d000  890       3       java.lang.Enum::<init> (15 bytes)
Event: 1.109 Thread 0x00000226f5a0d000 nmethod 890 0x00000226df9fc790 code [0x00000226df9fc940, 0x00000226df9fcb58]

GC Heap History (0 events):
No events

Deoptimization events (1 events):
Event: 0.188 Thread 0x00000226d57d2000 Uncommon trap: reason=unstable_if action=reinterpret pc=0x00000226e6db537c method=java.lang.String.hashCode()I @ 14 c2

Classes redefined (0 events):
No events

Internal exceptions (7 events):
Event: 0.650 Thread 0x00000226d57d2000 Exception <a 'java/lang/NoSuchMethodError'{0x000000008a6c5750}: java.lang.invoke.DirectMethodHandle$Holder.invokeStatic(Ljava/lang/Object;Ljava/lang/Object;Ljava/lang/Object;Ljava/lang/Object;Ljava/lang/Object;Ljava/lang/Object;Ljava/lang/Object;Ljava/lan
Event: 0.660 Thread 0x00000226d57d2000 Exception <a 'java/lang/NoSuchMethodError'{0x000000008a6da2a8}: java.lang.invoke.DirectMethodHandle$Holder.invokeStatic(Ljava/lang/Object;Ljava/lang/Object;Ljava/lang/Object;Ljava/lang/Object;Ljava/lang/Object;Ljava/lang/Object;Ljava/lang/Object;Ljava/lan
Event: 0.663 Thread 0x00000226d57d2000 Exception <a 'java/lang/NoSuchMethodError'{0x000000008a6e8130}: java.lang.invoke.DirectMethodHandle$Holder.invokeSpecial(Ljava/lang/Object;Ljava/lang/Object;IIILjava/lang/Object;Ljava/lang/Object;Ljava/lang/Object;Ljava/lang/Object;)Ljava/lang/Object;> (0
Event: 0.663 Thread 0x00000226d57d2000 Exception <a 'java/lang/NoSuchMethodError'{0x000000008a6eb8e0}: java.lang.invoke.DelegatingMethodHandle$Holder.reinvoke_L(Ljava/lang/Object;IIILjava/lang/Object;Ljava/lang/Object;Ljava/lang/Object;Ljava/lang/Object;)Ljava/lang/Object;> (0x000000008a6eb8e0
Event: 0.667 Thread 0x00000226d57d2000 Exception <a 'java/lang/NoSuchMethodError'{0x000000008a6f3530}: java.lang.invoke.DirectMethodHandle$Holder.invokeStatic(Ljava/lang/Object;Ljava/lang/Object;Ljava/lang/Object;Ljava/lang/Object;Ljava/lang/Object;I)Ljava/lang/Object;> (0x000000008a6f3530) th
Event: 0.733 Thread 0x00000226d57d2000 Exception <a 'java/lang/NoSuchMethodError'{0x000000008a5b6208}: java.lang.invoke.DirectMethodHandle$Holder.invokeSpecialIFC(Ljava/lang/Object;Ljava/lang/Object;I)I> (0x000000008a5b6208) thrown at [t:/workspace/open/src/hotspot/share/interpreter/linkResolv
Event: 1.060 Thread 0x00000226d57d2000 Exception <a 'java/lang/NoSuchMethodError'{0x000000008a0f8328}: java.lang.invoke.DirectMethodHandle$Holder.invokeSpecial(Ljava/lang/Object;Ljava/lang/Object;)V> (0x000000008a0f8328) thrown at [t:/workspace/open/src/hotspot/share/interpreter/linkResolver.c

Events (10 events):
Event: 1.108 loading class java/time/temporal/TemporalUnit done
Event: 1.108 loading class java/time/temporal/ChronoUnit done
Event: 1.109 loading class java/time/Duration
Event: 1.109 loading class java/time/temporal/TemporalAmount
Event: 1.109 loading class java/time/temporal/TemporalAmount done
Event: 1.109 loading class java/time/Duration done
Event: 1.110 Executing VM operation: RevokeBias
Event: 1.110 Executing VM operation: RevokeBias done
Event: 1.111 Executing VM operation: RevokeBias
Event: 1.111 Executing VM operation: RevokeBias done


Dynamic libraries:
0x00007ff6345a0000 - 0x00007ff6345e7000 	C:\Program Files\Java\jdk-11.0.1\bin\javaw.exe
0x00007ffde86f0000 - 0x00007ffde88d1000 	C:\Windows\SYSTEM32\ntdll.dll
0x00007ffde8130000 - 0x00007ffde81e2000 	C:\Windows\System32\KERNEL32.DLL
0x00007ffde58e0000 - 0x00007ffde5b53000 	C:\Windows\System32\KERNELBASE.dll
0x00007ffde5eb0000 - 0x00007ffde5f51000 	C:\Windows\System32\ADVAPI32.dll
0x00007ffde5f70000 - 0x00007ffde600e000 	C:\Windows\System32\msvcrt.dll
0x00007ffde79f0000 - 0x00007ffde7a4b000 	C:\Windows\System32\sechost.dll
0x00007ffde6480000 - 0x00007ffde65a4000 	C:\Windows\System32\RPCRT4.dll
0x00007ffde7fa0000 - 0x00007ffde8130000 	C:\Windows\System32\USER32.dll
0x00007ffde5b60000 - 0x00007ffde5b80000 	C:\Windows\System32\win32u.dll
0x00007ffde62d0000 - 0x00007ffde62f8000 	C:\Windows\System32\GDI32.dll
0x00007ffde4ac0000 - 0x00007ffde4c52000 	C:\Windows\System32\gdi32full.dll
0x00007ffde5060000 - 0x00007ffde50ff000 	C:\Windows\System32\msvcp_win.dll
0x00007ffde4f60000 - 0x00007ffde5058000 	C:\Windows\System32\ucrtbase.dll
0x00007ffdd2bb0000 - 0x00007ffdd2e19000 	C:\Windows\WinSxS\amd64_microsoft.windows.common-controls_6595b64144ccf1df_6.0.17134.648_none_fb45a0e93062a6d2\COMCTL32.dll
0x00007ffde8270000 - 0x00007ffde8592000 	C:\Windows\System32\combase.dll
0x00007ffde5150000 - 0x00007ffde51ca000 	C:\Windows\System32\bcryptPrimitives.dll
0x00007ffde2010000 - 0x00007ffde201a000 	C:\Windows\SYSTEM32\VERSION.dll
0x00007ffde8690000 - 0x00007ffde86bd000 	C:\Windows\System32\IMM32.DLL
0x00007ffde2e60000 - 0x00007ffde2e76000 	C:\Program Files\Java\jdk-11.0.1\bin\vcruntime140.dll
0x00007ffdd1320000 - 0x00007ffdd13ca000 	C:\Program Files\Java\jdk-11.0.1\bin\msvcp140.dll
0x00007ffd9cff0000 - 0x00007ffd9db32000 	C:\Program Files\Java\jdk-11.0.1\bin\server\jvm.dll
0x00007ffde5f60000 - 0x00007ffde5f68000 	C:\Windows\System32\PSAPI.DLL
0x00007ffdd6e90000 - 0x00007ffdd6e99000 	C:\Windows\SYSTEM32\WSOCK32.dll
0x00007ffde6010000 - 0x00007ffde607c000 	C:\Windows\System32\WS2_32.dll
0x00007ffde2050000 - 0x00007ffde2073000 	C:\Windows\SYSTEM32\WINMM.dll
0x00007ffde2020000 - 0x00007ffde204a000 	C:\Windows\SYSTEM32\WINMMBASE.dll
0x00007ffde5100000 - 0x00007ffde5149000 	C:\Windows\System32\cfgmgr32.dll
0x00007ffde4a30000 - 0x00007ffde4a41000 	C:\Windows\System32\kernel.appcore.dll
0x00007ffde2e40000 - 0x00007ffde2e51000 	C:\Program Files\Java\jdk-11.0.1\bin\verify.dll
0x00007ffde4520000 - 0x00007ffde46e9000 	C:\Windows\SYSTEM32\DBGHELP.DLL
0x00007ffde3fd0000 - 0x00007ffde3ff9000 	C:\Windows\SYSTEM32\dbgcore.DLL
0x00007ffddb250000 - 0x00007ffddb279000 	C:\Program Files\Java\jdk-11.0.1\bin\java.dll
0x00007ffde2300000 - 0x00007ffde2316000 	C:\Program Files\Java\jdk-11.0.1\bin\zip.dll
0x00007ffde22c0000 - 0x00007ffde22ca000 	C:\Program Files\Java\jdk-11.0.1\bin\jimage.dll
0x00007ffde65b0000 - 0x00007ffde79f0000 	C:\Windows\System32\SHELL32.dll
0x00007ffde6080000 - 0x00007ffde6129000 	C:\Windows\System32\shcore.dll
0x00007ffde51d0000 - 0x00007ffde58dd000 	C:\Windows\System32\windows.storage.dll
0x00007ffde5ce0000 - 0x00007ffde5d31000 	C:\Windows\System32\shlwapi.dll
0x00007ffde4a50000 - 0x00007ffde4a6f000 	C:\Windows\System32\profapi.dll
0x00007ffde4a70000 - 0x00007ffde4abc000 	C:\Windows\System32\powrprof.dll
0x00007ffde4a20000 - 0x00007ffde4a2a000 	C:\Windows\System32\FLTLIB.DLL
0x00007ffddb2d0000 - 0x00007ffddb2e9000 	C:\Program Files\Java\jdk-11.0.1\bin\net.dll
0x00007ffddba00000 - 0x00007ffddbadd000 	C:\Windows\SYSTEM32\WINHTTP.dll
0x00007ffde3f40000 - 0x00007ffde3fa6000 	C:\Windows\system32\mswsock.dll
0x00007ffddb200000 - 0x00007ffddb213000 	C:\Program Files\Java\jdk-11.0.1\bin\nio.dll
0x00007ffd92e70000 - 0x00007ffd94ba2000 	C:\Users\Gabe\Documents\javalibs\opencv_java320.dll
0x00007ffde5b80000 - 0x00007ffde5cd1000 	C:\Windows\System32\ole32.dll
0x00007ffde5d40000 - 0x00007ffde5e03000 	C:\Windows\System32\OLEAUT32.dll
0x00007ffdcd4f0000 - 0x00007ffdcd574000 	C:\Users\Gabe\.wpilib\nativecache\windows\x86-64\ntcorejni.dll.5e53641e39936a05198e723bf5e59bd0
0x00007ffde2490000 - 0x00007ffde2528000 	C:\Windows\system32\uxtheme.dll
0x00007ffde7a50000 - 0x00007ffde7af0000 	C:\Windows\System32\clbcatq.dll
0x00007ffde7b50000 - 0x00007ffde7f9b000 	C:\Windows\System32\setupapi.dll
0x00007ffde38a0000 - 0x00007ffde38d1000 	C:\Windows\SYSTEM32\ntmarta.dll
0x00007ffde4810000 - 0x00007ffde4837000 	C:\Windows\SYSTEM32\DEVOBJ.dll
0x00007ffde4f00000 - 0x00007ffde4f57000 	C:\Windows\System32\WINTRUST.dll
0x00007ffde4a00000 - 0x00007ffde4a12000 	C:\Windows\System32\MSASN1.dll
0x00007ffde4c60000 - 0x00007ffde4e42000 	C:\Windows\System32\CRYPT32.dll
0x00007ffde2df0000 - 0x00007ffde2dfa000 	C:\Windows\SYSTEM32\msdmo.dll
0x00007ffdcd200000 - 0x00007ffdcd4e4000 	C:\Users\Gabe\.wpilib\nativecache\windows\x86-64\cscorejni.dll.7ca781a9691104de355355a3717da257
0x00007ffde3ca0000 - 0x00007ffde3cd8000 	C:\Windows\SYSTEM32\IPHLPAPI.DLL
0x00007ffdde460000 - 0x00007ffdde63b000 	C:\Windows\SYSTEM32\MFPlat.DLL
0x00007ffdb3260000 - 0x00007ffdb32db000 	C:\Windows\SYSTEM32\MF.dll
0x00007ffdcd100000 - 0x00007ffdcd1f8000 	C:\Windows\SYSTEM32\MFReadWrite.dll
0x00007ffdcd0a0000 - 0x00007ffdcd0f1000 	C:\Windows\SYSTEM32\CONCRT140.dll
0x00007ffdc1220000 - 0x00007ffdc164e000 	C:\Windows\SYSTEM32\MFCORE.DLL
0x00007ffde2f10000 - 0x00007ffde2f19000 	C:\Windows\SYSTEM32\ksuser.dll
0x00007ffde46f0000 - 0x00007ffde4715000 	C:\Windows\SYSTEM32\bcrypt.dll
0x00007ffde4190000 - 0x00007ffde419b000 	C:\Windows\SYSTEM32\CRYPTBASE.DLL
0x00007ffdde400000 - 0x00007ffdde42e000 	C:\Windows\SYSTEM32\RTWorkQ.DLL
0x00007ffde3ce0000 - 0x00007ffde3d9e000 	C:\Windows\SYSTEM32\DNSAPI.dll
0x00007ffde5ea0000 - 0x00007ffde5ea8000 	C:\Windows\System32\NSI.dll
0x00000000592b0000 - 0x00000000592ba000 	C:\Program Files\National Instruments\Shared\mDNS Responder\nimdnsNSP.dll
0x00000000592a0000 - 0x00000000592b0000 	C:\Windows\SYSTEM32\nimdnsResponder.dll
0x00007ffddc0a0000 - 0x00007ffddc0ab000 	C:\Windows\SYSTEM32\WINNSI.DLL
0x00007ffddbbe0000 - 0x00007ffddbc52000 	C:\Windows\System32\fwpuclnt.dll
0x00007ffddaeb0000 - 0x00007ffddaeba000 	C:\Windows\System32\rasadhlp.dll
0x00007ffddbe60000 - 0x00007ffddbe76000 	C:\Windows\SYSTEM32\dhcpcsvc6.DLL
0x00007ffddbe40000 - 0x00007ffddbe5a000 	C:\Windows\SYSTEM32\dhcpcsvc.DLL
0x00007ffdd1270000 - 0x00007ffdd1286000 	C:\Windows\system32\napinsp.dll
0x00007ffdd1250000 - 0x00007ffdd126a000 	C:\Windows\system32\pnrpnsp.dll
0x00007ffde0610000 - 0x00007ffde0629000 	C:\Windows\system32\NLAapi.dll
0x00007ffdd1240000 - 0x00007ffdd124e000 	C:\Windows\System32\winrnr.dll
0x00007ffdcb930000 - 0x00007ffdcb945000 	C:\Windows\System32\wshbth.dll

dbghelp: loaded successfully - version: 4.0.5 - missing functions: none
symbol engine: initialized successfully - sym options: 0x614 - pdb path: .;C:\Program Files\Java\jdk-11.0.1\bin;C:\Windows\SYSTEM32;C:\Windows\WinSxS\amd64_microsoft.windows.common-controls_6595b64144ccf1df_6.0.17134.648_none_fb45a0e93062a6d2;C:\Program Files\Java\jdk-11.0.1\bin\server;C:\Users\Gabe\Documents\javalibs;C:\Users\Gabe\.wpilib\nativecache\windows\x86-64;C:\Program Files\National Instruments\Shared\mDNS Responder

VM Arguments:
jvm_args: -Djava.library.path=C:\Users\Gabe\Documents\javalibs -Dfile.encoding=Cp1252 
java_command: Main C:\\Git\\TORC-2019-Repository\\Vision Project\\dev\\frc.json -d
java_class_path (initial): C:\Git\TORC-2019-Repository\Vision Project\bin;C:\Users\Gabe\Desktop\java-MultiCameraServer\java-multiCameraServer\cameraserver.jar;C:\Users\Gabe\Documents\javalibs\cscore-java-2019.4.1.jar;C:\Users\Gabe\Documents\javalibs\ntcore-java-2019.4.1.jar;C:\Users\Gabe\Documents\javalibs\opencv-320.jar;C:\Users\Gabe\Desktop\java-MultiCameraServer\java-multiCameraServer\wpiutil.jar;C:\Users\Gabe\Desktop\java-MultiCameraServer\java-multiCameraServer\gson-2.8.5.jar;C:\Users\Gabe\Desktop\java-MultiCameraServer\java-multiCameraServer\commons-lang3-3.8.1.jar;C:\Users\Gabe\Desktop\java-MultiCameraServer\java-multiCameraServer\fst-2.52-onejar.jar;C:\Users\Gabe\Documents\javalibs\ntcore-jni-2019.4.1-all.jar;C:\Users\Gabe\Documents\javalibs\cscore-jni-2019.4.1-all.jar
Launcher Type: SUN_STANDARD

[Global flags]
     intx CICompilerCount                          = 3                                         {product} {ergonomic}
     uint ConcGCThreads                            = 1                                         {product} {ergonomic}
     uint G1ConcRefinementThreads                  = 4                                         {product} {ergonomic}
   size_t G1HeapRegionSize                         = 1048576                                   {product} {ergonomic}
    uintx GCDrainStackTargetSize                   = 64                                        {product} {ergonomic}
   size_t InitialHeapSize                          = 132120576                                 {product} {ergonomic}
   size_t MarkStackSize                            = 4194304                                   {product} {ergonomic}
   size_t MaxHeapSize                              = 2101346304                                {product} {ergonomic}
   size_t MaxNewSize                               = 1260388352                                {product} {ergonomic}
   size_t MinHeapDeltaBytes                        = 1048576                                   {product} {ergonomic}
    uintx NonNMethodCodeHeapSize                   = 5830092                                {pd product} {ergonomic}
    uintx NonProfiledCodeHeapSize                  = 122914074                              {pd product} {ergonomic}
    uintx ProfiledCodeHeapSize                     = 122914074                              {pd product} {ergonomic}
    uintx ReservedCodeCacheSize                    = 251658240                              {pd product} {ergonomic}
     bool SegmentedCodeCache                       = true                                      {product} {ergonomic}
     bool UseCompressedClassPointers               = true                                 {lp64_product} {ergonomic}
     bool UseCompressedOops                        = true                                 {lp64_product} {ergonomic}
     bool UseG1GC                                  = true                                      {product} {ergonomic}
     bool UseLargePagesIndividualAllocation        = false                                  {pd product} {ergonomic}

Logging:
Log output configuration:
 #0: stdout all=warning uptime,level,tags
 #1: stderr all=off uptime,level,tags

Environment Variables:
JAVA_HOME=C:\Program Files\Java\jdk1.8.0_191
PATH=C:/Program Files/Java/jdk1.8.0_191/bin/../jre/bin/server;C:/Program Files/Java/jdk1.8.0_191/bin/../jre/bin;C:/Program Files/Java/jdk1.8.0_191/bin/../jre/lib/amd64;C:\Program Files\Java\jdk1.8.0_191\bin;C:\Windows\system32;C:\Windows;C:\Windows\System32\Wbem;C:\Windows\System32\WindowsPowerShell\v1.0\;C:\Windows\System32\OpenSSH\;C:\Program Files\PuTTY\;C:\Program Files\Git\cmd;C:\Users\Gabe\AppData\Local\Microsoft\WindowsApps;C:\Users\Public\frc2019\roborio\bin;C:\Users\Public\frc2019\frccode;C:\Users\Gabe\Documents\eclipse;
USERNAME=Gabe
OS=Windows_NT
PROCESSOR_IDENTIFIER=Intel64 Family 6 Model 58 Stepping 9, GenuineIntel



---------------  S Y S T E M  ---------------

OS: Windows 10 , 64 bit Build 17134 (10.0.17134.648)

CPU:total 4 (initial active 4) (2 cores per cpu, 2 threads per core) family 6 model 58 stepping 9, cmov, cx8, fxsr, mmx, sse, sse2, sse3, ssse3, sse4.1, sse4.2, popcnt, avx, aes, clmul, erms, ht, tsc, tscinvbit, tscinv

Memory: 4k page, system-wide physical 8011M (3705M free)
TotalPageFile size 14155M (AvailPageFile size 9408M)
current process WorkingSet (physical memory assigned to process): 68M, peak: 69M
current process commit charge ("private bytes"): 214M, peak: 216M

vm_info: Java HotSpot(TM) 64-Bit Server VM (11.0.1+13-LTS) for windows-amd64 JRE (11.0.1+13-LTS), built on Oct  6 2018 13:20:16 by "mach5one" with MS VC++ 15.5 (VS2017)

END.
