#
# A fatal error has been detected by the Java Runtime Environment:
#
#  EXCEPTION_ACCESS_VIOLATION (0xc0000005) at pc=0x00007ffaaa649ad2, pid=41560, tid=42704
#
# JRE version: Java(TM) SE Runtime Environment (11.0.1+13) (build 11.0.1+13-LTS)
# Java VM: Java HotSpot(TM) 64-Bit Server VM (11.0.1+13-LTS, mixed mode, tiered, compressed oops, g1 gc, windows-amd64)
# Problematic frame:
# C  [cscorejni.dll.7ca781a9691104de355355a3717da257+0x39ad2]
#
# No core dump will be written. Minidumps are not enabled by default on client versions of Windows
#
# If you would like to submit a bug report, please visit:
#   http://bugreport.java.com/bugreport/crash.jsp
# The crash happened outside the Java Virtual Machine in native code.
# See problematic frame for where to report the bug.
#

---------------  S U M M A R Y ------------

Command Line: -Djava.library.path=C:\Users\Gabe\Documents\javalibs -Dfile.encoding=Cp1252 Main C:\\Git\\TORC-2019-Repository\\Vision Project\\dev\\frc.json -d

Host: Intel(R) Core(TM) i5-3320M CPU @ 2.60GHz, 4 cores, 7G,  Windows 10 , 64 bit Build 17134 (10.0.17134.556)
Time: Tue Mar 12 19:50:17 2019 Eastern Daylight Time elapsed time: 0 seconds (0d 0h 0m 0s)

---------------  T H R E A D  ---------------

Current thread (0x00000278bb4cf800):  JavaThread "CSListener" daemon [_thread_in_native, id=42704, stack(0x0000008ef6400000,0x0000008ef6500000)]

Stack: [0x0000008ef6400000,0x0000008ef6500000],  sp=0x0000008ef64fefc0,  free space=1019k
Native frames: (J=compiled Java code, j=interpreted, Vv=VM code, C=native code)
C  [cscorejni.dll.7ca781a9691104de355355a3717da257+0x39ad2]

Java frames: (J=compiled Java code, j=interpreted, Vv=VM code)
j  edu.wpi.cscore.CameraServerJNI.getSourceVideoMode(I)Ledu/wpi/cscore/VideoMode;+0
j  edu.wpi.first.cameraserver.CameraServer.lambda$new$0(Ledu/wpi/cscore/VideoEvent;)V+179
j  edu.wpi.first.cameraserver.CameraServer$$Lambda$24.accept(Ljava/lang/Object;)V+8
v  ~StubRoutines::call_stub

siginfo: EXCEPTION_ACCESS_VIOLATION (0xc0000005), reading address 0x0000000000000000


Register to memory mapping:

RIP=0x00007ffaaa649ad2 cscorejni.dll.7ca781a9691104de355355a3717da257
RAX=0x00007ffaaa813978 cscorejni.dll.7ca781a9691104de355355a3717da257
RBX=0x0000008ef64ff0a0 is pointing into the stack for thread: 0x00000278bb4cf800
RCX=0x0 is NULL
RDX=0x0000000000000526 is an unknown value
RSP=0x0000008ef64fefc0 is pointing into the stack for thread: 0x00000278bb4cf800
RBP=0x0000008ef64ff140 is pointing into the stack for thread: 0x00000278bb4cf800
RSI=0x00000278bb4fc3d0 points into unknown readable memory
RDI=0x00000278bb4fc3d0 points into unknown readable memory
R8 =0x0 is NULL
R9 =0x0 is NULL
R10=0x00000278a3d1ef88 is at code_begin+1000 in an Interpreter codelet
method entry point (kind = native)  [0x00000278a3d1eba0, 0x00000278a3d1f700]  2912 bytes
R11=0x0000008ef64fefc0 is pointing into the stack for thread: 0x00000278bb4cf800
R12=0x0 is NULL
R13={method} {0x00000278bbad70b8} 'getSourceVideoMode' '(I)Ledu/wpi/cscore/VideoMode;' in 'edu/wpi/cscore/CameraServerJNI'
R14=0x0000008ef64ff160 is pointing into the stack for thread: 0x00000278bb4cf800
R15=0x00000278bb4cf800 is a thread


Registers:
RAX=0x00007ffaaa813978, RBX=0x0000008ef64ff0a0, RCX=0x0000000000000000, RDX=0x0000000000000526
RSP=0x0000008ef64fefc0, RBP=0x0000008ef64ff140, RSI=0x00000278bb4fc3d0, RDI=0x00000278bb4fc3d0
R8 =0x0000000000000000, R9 =0x0000000000000000, R10=0x00000278a3d1ef88, R11=0x0000008ef64fefc0
R12=0x0000000000000000, R13=0x00000278bbad70b0, R14=0x0000008ef64ff160, R15=0x00000278bb4cf800
RIP=0x00007ffaaa649ad2, EFLAGS=0x0000000000010246

Top of Stack: (sp=0x0000008ef64fefc0)
0x0000008ef64fefc0:   00007ffac45ab730 0000008ef64ff160
0x0000008ef64fefd0:   00000278bbad70b0 0000000000000000
0x0000008ef64fefe0:   0000008ef64ff0a8 00007ffaaa6220d0
0x0000008ef64feff0:   0000000041000000 00007ffaa1f91bbc
0x0000008ef64ff000:   0000000041000000 00000278bb3c09b8
0x0000008ef64ff010:   fffffffffffffffe 0000008ef64ff160
0x0000008ef64ff020:   0000008ef64ff0a0 00007ffaaa61d475
0x0000008ef64ff030:   0000000041000000 0000008ef64ff0a8
0x0000008ef64ff040:   0000008ef64ff0a8 00000278bb4cf800
0x0000008ef64ff050:   fffffffffffffffe 00000278bb3ba660
0x0000008ef64ff060:   00000278bb3ba650 000000000000000c
0x0000008ef64ff070:   00000278a3d195d0 00007ffaaa654e82
0x0000008ef64ff080:   00000278bb4cfb40 000000000000000c
0x0000008ef64ff090:   00000278a3d195d0 00000278a3d1ee00
0x0000008ef64ff0a0:   0000008e00000000 00000278bbad70b0
0x0000008ef64ff0b0:   00000278bb4cf800 00001f42abf042c7 

Instructions: (pc=0x00007ffaaa649ad2)
0x00007ffaaa649ab2:   5c 24 08 57 48 83 ec 20 48 8b f9 48 8b da 48 8b
0x00007ffaaa649ac2:   89 88 02 00 00 45 33 c9 45 33 c0 ba 26 05 00 00
0x00007ffaaa649ad2:   48 8b 09 ff 15 6d 2d 1c 00 89 03 85 c0 75 0e 0f
0x00007ffaaa649ae2:   b6 47 08 84 c0 75 13 c7 03 2b f8 ff ff 32 c0 48 



---------------  P R O C E S S  ---------------

Threads class SMR info:
_java_thread_list=0x00000278bb3bd860, length=15, elements={
0x000002789a228000, 0x00000278ba3cf800, 0x00000278ba3fb800, 0x00000278bad63800,
0x00000278ba407800, 0x00000278ba413800, 0x00000278ba41d800, 0x00000278ba421000,
0x00000278baea9000, 0x00000278baeb2800, 0x00000278bb352800, 0x00000278bb354800,
0x00000278bb379800, 0x00000278bb4cf800, 0x00000278bb4e0800
}

Java Threads: ( => current thread )
  0x000002789a228000 JavaThread "main" [_thread_in_vm, id=21700, stack(0x0000008ef4c00000,0x0000008ef4d00000)]
  0x00000278ba3cf800 JavaThread "Reference Handler" daemon [_thread_blocked, id=9264, stack(0x0000008ef5300000,0x0000008ef5400000)]
  0x00000278ba3fb800 JavaThread "Finalizer" daemon [_thread_blocked, id=26916, stack(0x0000008ef5400000,0x0000008ef5500000)]
  0x00000278bad63800 JavaThread "Signal Dispatcher" daemon [_thread_blocked, id=35716, stack(0x0000008ef5500000,0x0000008ef5600000)]
  0x00000278ba407800 JavaThread "Attach Listener" daemon [_thread_blocked, id=38696, stack(0x0000008ef5600000,0x0000008ef5700000)]
  0x00000278ba413800 JavaThread "C2 CompilerThread0" daemon [_thread_in_native, id=21940, stack(0x0000008ef5700000,0x0000008ef5800000)]
  0x00000278ba41d800 JavaThread "C1 CompilerThread0" daemon [_thread_blocked, id=19276, stack(0x0000008ef5800000,0x0000008ef5900000)]
  0x00000278ba421000 JavaThread "Sweeper thread" daemon [_thread_blocked, id=16488, stack(0x0000008ef5900000,0x0000008ef5a00000)]
  0x00000278baea9000 JavaThread "Service Thread" daemon [_thread_blocked, id=17244, stack(0x0000008ef5a00000,0x0000008ef5b00000)]
  0x00000278baeb2800 JavaThread "Common-Cleaner" daemon [_thread_blocked, id=26588, stack(0x0000008ef5c00000,0x0000008ef5d00000)]
  0x00000278bb352800 JavaThread "Thread-0" [_thread_in_Java, id=18556, stack(0x0000008ef5f00000,0x0000008ef6000000)]
  0x00000278bb354800 JavaThread "C2 CompilerThread1" daemon [_thread_blocked, id=33612, stack(0x0000008ef6000000,0x0000008ef6100000)]
  0x00000278bb379800 JavaThread "Thread-1" [_thread_in_Java, id=19124, stack(0x0000008ef6100000,0x0000008ef6200000)]
=>0x00000278bb4cf800 JavaThread "CSListener" daemon [_thread_in_native, id=42704, stack(0x0000008ef6400000,0x0000008ef6500000)]
  0x00000278bb4e0800 JavaThread "NTEntryListener" daemon [_thread_in_native, id=5736, stack(0x0000008ef6600000,0x0000008ef6700000)]

Other Threads:
  0x00000278ba3ce800 VMThread "VM Thread" [stack: 0x0000008ef5200000,0x0000008ef5300000] [id=31608]
  0x00000278baeb1800 WatcherThread [stack: 0x0000008ef5b00000,0x0000008ef5c00000] [id=22404]
  0x000002789a239800 GCTaskThread "GC Thread#0" [stack: 0x0000008ef4d00000,0x0000008ef4e00000] [id=23084]
  0x000002789a26a000 ConcurrentGCThread "G1 Main Marker" [stack: 0x0000008ef4e00000,0x0000008ef4f00000] [id=3144]
  0x000002789a26c800 ConcurrentGCThread "G1 Conc#0" [stack: 0x0000008ef4f00000,0x0000008ef5000000] [id=14116]
  0x000002789a2f7000 ConcurrentGCThread "G1 Refine#0" [stack: 0x0000008ef5000000,0x0000008ef5100000] [id=42736]
  0x00000278ba240800 ConcurrentGCThread "G1 Young RemSet Sampling" [stack: 0x0000008ef5100000,0x0000008ef5200000] [id=24480]

Threads with active compile tasks:
C2 CompilerThread0 848       4       jdk.internal.org.objectweb.asm.Frame::execute (2264 bytes)

VM state:not at safepoint (normal execution)

VM Mutex/Monitor currently owned by a thread: None

Heap address: 0x0000000082c00000, size: 2004 MB, Compressed Oops mode: 32-bit
Narrow klass base: 0x0000000000000000, Narrow klass shift: 3
Compressed class space size: 1073741824 Address: 0x0000000100000000

Heap:
 garbage-first heap   total 129024K, used 11264K [0x0000000082c00000, 0x0000000100000000)
  region size 1024K, 12 young (12288K), 0 survivors (0K)
 Metaspace       used 11218K, capacity 11573K, committed 11776K, reserved 1060864K
  class space    used 1061K, capacity 1172K, committed 1280K, reserved 1048576K
Heap Regions: E=young(eden), S=young(survivor), O=old, HS=humongous(starts), HC=humongous(continues), CS=collection set, F=free, A=archive, TAMS=top-at-mark-start (previous, next)
|   0|0x0000000082c00000, 0x0000000082c00000, 0x0000000082d00000|  0%| F|  |TAMS 0x0000000082c00000, 0x0000000082c00000| Untracked 
|   1|0x0000000082d00000, 0x0000000082d00000, 0x0000000082e00000|  0%| F|  |TAMS 0x0000000082d00000, 0x0000000082d00000| Untracked 
|   2|0x0000000082e00000, 0x0000000082e00000, 0x0000000082f00000|  0%| F|  |TAMS 0x0000000082e00000, 0x0000000082e00000| Untracked 
|   3|0x0000000082f00000, 0x0000000082f00000, 0x0000000083000000|  0%| F|  |TAMS 0x0000000082f00000, 0x0000000082f00000| Untracked 
|   4|0x0000000083000000, 0x0000000083000000, 0x0000000083100000|  0%| F|  |TAMS 0x0000000083000000, 0x0000000083000000| Untracked 
|   5|0x0000000083100000, 0x0000000083100000, 0x0000000083200000|  0%| F|  |TAMS 0x0000000083100000, 0x0000000083100000| Untracked 
|   6|0x0000000083200000, 0x0000000083200000, 0x0000000083300000|  0%| F|  |TAMS 0x0000000083200000, 0x0000000083200000| Untracked 
|   7|0x0000000083300000, 0x0000000083300000, 0x0000000083400000|  0%| F|  |TAMS 0x0000000083300000, 0x0000000083300000| Untracked 
|   8|0x0000000083400000, 0x0000000083400000, 0x0000000083500000|  0%| F|  |TAMS 0x0000000083400000, 0x0000000083400000| Untracked 
|   9|0x0000000083500000, 0x0000000083500000, 0x0000000083600000|  0%| F|  |TAMS 0x0000000083500000, 0x0000000083500000| Untracked 
|  10|0x0000000083600000, 0x0000000083600000, 0x0000000083700000|  0%| F|  |TAMS 0x0000000083600000, 0x0000000083600000| Untracked 
|  11|0x0000000083700000, 0x0000000083700000, 0x0000000083800000|  0%| F|  |TAMS 0x0000000083700000, 0x0000000083700000| Untracked 
|  12|0x0000000083800000, 0x0000000083800000, 0x0000000083900000|  0%| F|  |TAMS 0x0000000083800000, 0x0000000083800000| Untracked 
|  13|0x0000000083900000, 0x0000000083900000, 0x0000000083a00000|  0%| F|  |TAMS 0x0000000083900000, 0x0000000083900000| Untracked 
|  14|0x0000000083a00000, 0x0000000083a00000, 0x0000000083b00000|  0%| F|  |TAMS 0x0000000083a00000, 0x0000000083a00000| Untracked 
|  15|0x0000000083b00000, 0x0000000083b00000, 0x0000000083c00000|  0%| F|  |TAMS 0x0000000083b00000, 0x0000000083b00000| Untracked 
|  16|0x0000000083c00000, 0x0000000083c00000, 0x0000000083d00000|  0%| F|  |TAMS 0x0000000083c00000, 0x0000000083c00000| Untracked 
|  17|0x0000000083d00000, 0x0000000083d00000, 0x0000000083e00000|  0%| F|  |TAMS 0x0000000083d00000, 0x0000000083d00000| Untracked 
|  18|0x0000000083e00000, 0x0000000083e00000, 0x0000000083f00000|  0%| F|  |TAMS 0x0000000083e00000, 0x0000000083e00000| Untracked 
|  19|0x0000000083f00000, 0x0000000083f00000, 0x0000000084000000|  0%| F|  |TAMS 0x0000000083f00000, 0x0000000083f00000| Untracked 
|  20|0x0000000084000000, 0x0000000084000000, 0x0000000084100000|  0%| F|  |TAMS 0x0000000084000000, 0x0000000084000000| Untracked 
|  21|0x0000000084100000, 0x0000000084100000, 0x0000000084200000|  0%| F|  |TAMS 0x0000000084100000, 0x0000000084100000| Untracked 
|  22|0x0000000084200000, 0x0000000084200000, 0x0000000084300000|  0%| F|  |TAMS 0x0000000084200000, 0x0000000084200000| Untracked 
|  23|0x0000000084300000, 0x0000000084300000, 0x0000000084400000|  0%| F|  |TAMS 0x0000000084300000, 0x0000000084300000| Untracked 
|  24|0x0000000084400000, 0x0000000084400000, 0x0000000084500000|  0%| F|  |TAMS 0x0000000084400000, 0x0000000084400000| Untracked 
|  25|0x0000000084500000, 0x0000000084500000, 0x0000000084600000|  0%| F|  |TAMS 0x0000000084500000, 0x0000000084500000| Untracked 
|  26|0x0000000084600000, 0x0000000084600000, 0x0000000084700000|  0%| F|  |TAMS 0x0000000084600000, 0x0000000084600000| Untracked 
|  27|0x0000000084700000, 0x0000000084700000, 0x0000000084800000|  0%| F|  |TAMS 0x0000000084700000, 0x0000000084700000| Untracked 
|  28|0x0000000084800000, 0x0000000084800000, 0x0000000084900000|  0%| F|  |TAMS 0x0000000084800000, 0x0000000084800000| Untracked 
|  29|0x0000000084900000, 0x0000000084900000, 0x0000000084a00000|  0%| F|  |TAMS 0x0000000084900000, 0x0000000084900000| Untracked 
|  30|0x0000000084a00000, 0x0000000084a00000, 0x0000000084b00000|  0%| F|  |TAMS 0x0000000084a00000, 0x0000000084a00000| Untracked 
|  31|0x0000000084b00000, 0x0000000084b00000, 0x0000000084c00000|  0%| F|  |TAMS 0x0000000084b00000, 0x0000000084b00000| Untracked 
|  32|0x0000000084c00000, 0x0000000084c00000, 0x0000000084d00000|  0%| F|  |TAMS 0x0000000084c00000, 0x0000000084c00000| Untracked 
|  33|0x0000000084d00000, 0x0000000084d00000, 0x0000000084e00000|  0%| F|  |TAMS 0x0000000084d00000, 0x0000000084d00000| Untracked 
|  34|0x0000000084e00000, 0x0000000084e00000, 0x0000000084f00000|  0%| F|  |TAMS 0x0000000084e00000, 0x0000000084e00000| Untracked 
|  35|0x0000000084f00000, 0x0000000084f00000, 0x0000000085000000|  0%| F|  |TAMS 0x0000000084f00000, 0x0000000084f00000| Untracked 
|  36|0x0000000085000000, 0x0000000085000000, 0x0000000085100000|  0%| F|  |TAMS 0x0000000085000000, 0x0000000085000000| Untracked 
|  37|0x0000000085100000, 0x0000000085100000, 0x0000000085200000|  0%| F|  |TAMS 0x0000000085100000, 0x0000000085100000| Untracked 
|  38|0x0000000085200000, 0x0000000085200000, 0x0000000085300000|  0%| F|  |TAMS 0x0000000085200000, 0x0000000085200000| Untracked 
|  39|0x0000000085300000, 0x0000000085300000, 0x0000000085400000|  0%| F|  |TAMS 0x0000000085300000, 0x0000000085300000| Untracked 
|  40|0x0000000085400000, 0x0000000085400000, 0x0000000085500000|  0%| F|  |TAMS 0x0000000085400000, 0x0000000085400000| Untracked 
|  41|0x0000000085500000, 0x0000000085500000, 0x0000000085600000|  0%| F|  |TAMS 0x0000000085500000, 0x0000000085500000| Untracked 
|  42|0x0000000085600000, 0x0000000085600000, 0x0000000085700000|  0%| F|  |TAMS 0x0000000085600000, 0x0000000085600000| Untracked 
|  43|0x0000000085700000, 0x0000000085700000, 0x0000000085800000|  0%| F|  |TAMS 0x0000000085700000, 0x0000000085700000| Untracked 
|  44|0x0000000085800000, 0x0000000085800000, 0x0000000085900000|  0%| F|  |TAMS 0x0000000085800000, 0x0000000085800000| Untracked 
|  45|0x0000000085900000, 0x0000000085900000, 0x0000000085a00000|  0%| F|  |TAMS 0x0000000085900000, 0x0000000085900000| Untracked 
|  46|0x0000000085a00000, 0x0000000085a00000, 0x0000000085b00000|  0%| F|  |TAMS 0x0000000085a00000, 0x0000000085a00000| Untracked 
|  47|0x0000000085b00000, 0x0000000085b00000, 0x0000000085c00000|  0%| F|  |TAMS 0x0000000085b00000, 0x0000000085b00000| Untracked 
|  48|0x0000000085c00000, 0x0000000085c00000, 0x0000000085d00000|  0%| F|  |TAMS 0x0000000085c00000, 0x0000000085c00000| Untracked 
|  49|0x0000000085d00000, 0x0000000085d00000, 0x0000000085e00000|  0%| F|  |TAMS 0x0000000085d00000, 0x0000000085d00000| Untracked 
|  50|0x0000000085e00000, 0x0000000085e00000, 0x0000000085f00000|  0%| F|  |TAMS 0x0000000085e00000, 0x0000000085e00000| Untracked 
|  51|0x0000000085f00000, 0x0000000085f00000, 0x0000000086000000|  0%| F|  |TAMS 0x0000000085f00000, 0x0000000085f00000| Untracked 
|  52|0x0000000086000000, 0x0000000086000000, 0x0000000086100000|  0%| F|  |TAMS 0x0000000086000000, 0x0000000086000000| Untracked 
|  53|0x0000000086100000, 0x0000000086100000, 0x0000000086200000|  0%| F|  |TAMS 0x0000000086100000, 0x0000000086100000| Untracked 
|  54|0x0000000086200000, 0x0000000086200000, 0x0000000086300000|  0%| F|  |TAMS 0x0000000086200000, 0x0000000086200000| Untracked 
|  55|0x0000000086300000, 0x0000000086300000, 0x0000000086400000|  0%| F|  |TAMS 0x0000000086300000, 0x0000000086300000| Untracked 
|  56|0x0000000086400000, 0x0000000086400000, 0x0000000086500000|  0%| F|  |TAMS 0x0000000086400000, 0x0000000086400000| Untracked 
|  57|0x0000000086500000, 0x0000000086500000, 0x0000000086600000|  0%| F|  |TAMS 0x0000000086500000, 0x0000000086500000| Untracked 
|  58|0x0000000086600000, 0x0000000086600000, 0x0000000086700000|  0%| F|  |TAMS 0x0000000086600000, 0x0000000086600000| Untracked 
|  59|0x0000000086700000, 0x0000000086700000, 0x0000000086800000|  0%| F|  |TAMS 0x0000000086700000, 0x0000000086700000| Untracked 
|  60|0x0000000086800000, 0x0000000086800000, 0x0000000086900000|  0%| F|  |TAMS 0x0000000086800000, 0x0000000086800000| Untracked 
|  61|0x0000000086900000, 0x0000000086900000, 0x0000000086a00000|  0%| F|  |TAMS 0x0000000086900000, 0x0000000086900000| Untracked 
|  62|0x0000000086a00000, 0x0000000086a00000, 0x0000000086b00000|  0%| F|  |TAMS 0x0000000086a00000, 0x0000000086a00000| Untracked 
|  63|0x0000000086b00000, 0x0000000086b00000, 0x0000000086c00000|  0%| F|  |TAMS 0x0000000086b00000, 0x0000000086b00000| Untracked 
|  64|0x0000000086c00000, 0x0000000086c00000, 0x0000000086d00000|  0%| F|  |TAMS 0x0000000086c00000, 0x0000000086c00000| Untracked 
|  65|0x0000000086d00000, 0x0000000086d00000, 0x0000000086e00000|  0%| F|  |TAMS 0x0000000086d00000, 0x0000000086d00000| Untracked 
|  66|0x0000000086e00000, 0x0000000086e00000, 0x0000000086f00000|  0%| F|  |TAMS 0x0000000086e00000, 0x0000000086e00000| Untracked 
|  67|0x0000000086f00000, 0x0000000086f00000, 0x0000000087000000|  0%| F|  |TAMS 0x0000000086f00000, 0x0000000086f00000| Untracked 
|  68|0x0000000087000000, 0x0000000087000000, 0x0000000087100000|  0%| F|  |TAMS 0x0000000087000000, 0x0000000087000000| Untracked 
|  69|0x0000000087100000, 0x0000000087100000, 0x0000000087200000|  0%| F|  |TAMS 0x0000000087100000, 0x0000000087100000| Untracked 
|  70|0x0000000087200000, 0x0000000087200000, 0x0000000087300000|  0%| F|  |TAMS 0x0000000087200000, 0x0000000087200000| Untracked 
|  71|0x0000000087300000, 0x0000000087300000, 0x0000000087400000|  0%| F|  |TAMS 0x0000000087300000, 0x0000000087300000| Untracked 
|  72|0x0000000087400000, 0x0000000087400000, 0x0000000087500000|  0%| F|  |TAMS 0x0000000087400000, 0x0000000087400000| Untracked 
|  73|0x0000000087500000, 0x0000000087500000, 0x0000000087600000|  0%| F|  |TAMS 0x0000000087500000, 0x0000000087500000| Untracked 
|  74|0x0000000087600000, 0x0000000087600000, 0x0000000087700000|  0%| F|  |TAMS 0x0000000087600000, 0x0000000087600000| Untracked 
|  75|0x0000000087700000, 0x0000000087700000, 0x0000000087800000|  0%| F|  |TAMS 0x0000000087700000, 0x0000000087700000| Untracked 
|  76|0x0000000087800000, 0x0000000087800000, 0x0000000087900000|  0%| F|  |TAMS 0x0000000087800000, 0x0000000087800000| Untracked 
|  77|0x0000000087900000, 0x0000000087900000, 0x0000000087a00000|  0%| F|  |TAMS 0x0000000087900000, 0x0000000087900000| Untracked 
|  78|0x0000000087a00000, 0x0000000087a00000, 0x0000000087b00000|  0%| F|  |TAMS 0x0000000087a00000, 0x0000000087a00000| Untracked 
|  79|0x0000000087b00000, 0x0000000087b00000, 0x0000000087c00000|  0%| F|  |TAMS 0x0000000087b00000, 0x0000000087b00000| Untracked 
|  80|0x0000000087c00000, 0x0000000087c00000, 0x0000000087d00000|  0%| F|  |TAMS 0x0000000087c00000, 0x0000000087c00000| Untracked 
|  81|0x0000000087d00000, 0x0000000087d00000, 0x0000000087e00000|  0%| F|  |TAMS 0x0000000087d00000, 0x0000000087d00000| Untracked 
|  82|0x0000000087e00000, 0x0000000087e00000, 0x0000000087f00000|  0%| F|  |TAMS 0x0000000087e00000, 0x0000000087e00000| Untracked 
|  83|0x0000000087f00000, 0x0000000087f00000, 0x0000000088000000|  0%| F|  |TAMS 0x0000000087f00000, 0x0000000087f00000| Untracked 
|  84|0x0000000088000000, 0x0000000088000000, 0x0000000088100000|  0%| F|  |TAMS 0x0000000088000000, 0x0000000088000000| Untracked 
|  85|0x0000000088100000, 0x0000000088100000, 0x0000000088200000|  0%| F|  |TAMS 0x0000000088100000, 0x0000000088100000| Untracked 
|  86|0x0000000088200000, 0x0000000088200000, 0x0000000088300000|  0%| F|  |TAMS 0x0000000088200000, 0x0000000088200000| Untracked 
|  87|0x0000000088300000, 0x0000000088300000, 0x0000000088400000|  0%| F|  |TAMS 0x0000000088300000, 0x0000000088300000| Untracked 
|  88|0x0000000088400000, 0x0000000088400000, 0x0000000088500000|  0%| F|  |TAMS 0x0000000088400000, 0x0000000088400000| Untracked 
|  89|0x0000000088500000, 0x0000000088500000, 0x0000000088600000|  0%| F|  |TAMS 0x0000000088500000, 0x0000000088500000| Untracked 
|  90|0x0000000088600000, 0x0000000088600000, 0x0000000088700000|  0%| F|  |TAMS 0x0000000088600000, 0x0000000088600000| Untracked 
|  91|0x0000000088700000, 0x0000000088700000, 0x0000000088800000|  0%| F|  |TAMS 0x0000000088700000, 0x0000000088700000| Untracked 
|  92|0x0000000088800000, 0x0000000088800000, 0x0000000088900000|  0%| F|  |TAMS 0x0000000088800000, 0x0000000088800000| Untracked 
|  93|0x0000000088900000, 0x0000000088900000, 0x0000000088a00000|  0%| F|  |TAMS 0x0000000088900000, 0x0000000088900000| Untracked 
|  94|0x0000000088a00000, 0x0000000088a00000, 0x0000000088b00000|  0%| F|  |TAMS 0x0000000088a00000, 0x0000000088a00000| Untracked 
|  95|0x0000000088b00000, 0x0000000088b00000, 0x0000000088c00000|  0%| F|  |TAMS 0x0000000088b00000, 0x0000000088b00000| Untracked 
|  96|0x0000000088c00000, 0x0000000088c00000, 0x0000000088d00000|  0%| F|  |TAMS 0x0000000088c00000, 0x0000000088c00000| Untracked 
|  97|0x0000000088d00000, 0x0000000088d00000, 0x0000000088e00000|  0%| F|  |TAMS 0x0000000088d00000, 0x0000000088d00000| Untracked 
|  98|0x0000000088e00000, 0x0000000088e00000, 0x0000000088f00000|  0%| F|  |TAMS 0x0000000088e00000, 0x0000000088e00000| Untracked 
|  99|0x0000000088f00000, 0x0000000088f00000, 0x0000000089000000|  0%| F|  |TAMS 0x0000000088f00000, 0x0000000088f00000| Untracked 
| 100|0x0000000089000000, 0x0000000089000000, 0x0000000089100000|  0%| F|  |TAMS 0x0000000089000000, 0x0000000089000000| Untracked 
| 101|0x0000000089100000, 0x0000000089100000, 0x0000000089200000|  0%| F|  |TAMS 0x0000000089100000, 0x0000000089100000| Untracked 
| 102|0x0000000089200000, 0x0000000089200000, 0x0000000089300000|  0%| F|  |TAMS 0x0000000089200000, 0x0000000089200000| Untracked 
| 103|0x0000000089300000, 0x0000000089300000, 0x0000000089400000|  0%| F|  |TAMS 0x0000000089300000, 0x0000000089300000| Untracked 
| 104|0x0000000089400000, 0x0000000089400000, 0x0000000089500000|  0%| F|  |TAMS 0x0000000089400000, 0x0000000089400000| Untracked 
| 105|0x0000000089500000, 0x0000000089500000, 0x0000000089600000|  0%| F|  |TAMS 0x0000000089500000, 0x0000000089500000| Untracked 
| 106|0x0000000089600000, 0x0000000089600000, 0x0000000089700000|  0%| F|  |TAMS 0x0000000089600000, 0x0000000089600000| Untracked 
| 107|0x0000000089700000, 0x0000000089700000, 0x0000000089800000|  0%| F|  |TAMS 0x0000000089700000, 0x0000000089700000| Untracked 
| 108|0x0000000089800000, 0x0000000089800000, 0x0000000089900000|  0%| F|  |TAMS 0x0000000089800000, 0x0000000089800000| Untracked 
| 109|0x0000000089900000, 0x0000000089900000, 0x0000000089a00000|  0%| F|  |TAMS 0x0000000089900000, 0x0000000089900000| Untracked 
| 110|0x0000000089a00000, 0x0000000089a00000, 0x0000000089b00000|  0%| F|  |TAMS 0x0000000089a00000, 0x0000000089a00000| Untracked 
| 111|0x0000000089b00000, 0x0000000089b00000, 0x0000000089c00000|  0%| F|  |TAMS 0x0000000089b00000, 0x0000000089b00000| Untracked 
| 112|0x0000000089c00000, 0x0000000089c00000, 0x0000000089d00000|  0%| F|  |TAMS 0x0000000089c00000, 0x0000000089c00000| Untracked 
| 113|0x0000000089d00000, 0x0000000089d00000, 0x0000000089e00000|  0%| F|  |TAMS 0x0000000089d00000, 0x0000000089d00000| Untracked 
| 114|0x0000000089e00000, 0x0000000089e905a8, 0x0000000089f00000| 56%| E|  |TAMS 0x0000000089e00000, 0x0000000089e00000| Complete 
| 115|0x0000000089f00000, 0x000000008a000000, 0x000000008a000000|100%| E|CS|TAMS 0x0000000089f00000, 0x0000000089f00000| Complete 
| 116|0x000000008a000000, 0x000000008a100000, 0x000000008a100000|100%| E|CS|TAMS 0x000000008a000000, 0x000000008a000000| Complete 
| 117|0x000000008a100000, 0x000000008a200000, 0x000000008a200000|100%| E|CS|TAMS 0x000000008a100000, 0x000000008a100000| Complete 
| 118|0x000000008a200000, 0x000000008a300000, 0x000000008a300000|100%| E|CS|TAMS 0x000000008a200000, 0x000000008a200000| Complete 
| 119|0x000000008a300000, 0x000000008a400000, 0x000000008a400000|100%| E|CS|TAMS 0x000000008a300000, 0x000000008a300000| Complete 
| 120|0x000000008a400000, 0x000000008a500000, 0x000000008a500000|100%| E|CS|TAMS 0x000000008a400000, 0x000000008a400000| Complete 
| 121|0x000000008a500000, 0x000000008a600000, 0x000000008a600000|100%| E|CS|TAMS 0x000000008a500000, 0x000000008a500000| Complete 
| 122|0x000000008a600000, 0x000000008a700000, 0x000000008a700000|100%| E|CS|TAMS 0x000000008a600000, 0x000000008a600000| Complete 
| 123|0x000000008a700000, 0x000000008a800000, 0x000000008a800000|100%| E|CS|TAMS 0x000000008a700000, 0x000000008a700000| Complete 
| 124|0x000000008a800000, 0x000000008a900000, 0x000000008a900000|100%| E|CS|TAMS 0x000000008a800000, 0x000000008a800000| Complete 
| 125|0x000000008a900000, 0x000000008aa00000, 0x000000008aa00000|100%| E|CS|TAMS 0x000000008a900000, 0x000000008a900000| Complete 

Card table byte_map: [0x00000278b3720000,0x00000278b3b10000] _byte_map_base: 0x00000278b330a000

Marking Bits (Prev, Next): (CMBitMap*) 0x000002789a2619c8, (CMBitMap*) 0x000002789a261a00
 Prev Bits: [0x00000278b3f00000, 0x00000278b5e50000)
 Next Bits: [0x00000278b5e50000, 0x00000278b7da0000)

Polling page: 0x000002789a0b0000

Metaspace:

Usage:
  Non-class:     10.23 MB capacity,     9.98 MB ( 98%) used,   229.88 KB (  2%) free+waste,    28.69 KB ( <1%) overhead. 
      Class:      1.18 MB capacity,     1.05 MB ( 89%) used,   119.46 KB ( 10%) free+waste,    14.00 KB (  1%) overhead. 
       Both:     11.41 MB capacity,    11.02 MB ( 97%) used,   349.34 KB (  3%) free+waste,    42.69 KB ( <1%) overhead. 

Virtual space:
  Non-class space:       12.00 MB reserved,      10.25 MB ( 85%) committed 
      Class space:        1.00 GB reserved,       1.25 MB ( <1%) committed 
             Both:        1.01 GB reserved,      11.50 MB (  1%) committed 

Chunk freelists:
   Non-Class:  2.88 KB
       Class:  1.25 KB
        Both:  4.13 KB

CodeHeap 'non-profiled nmethods': size=120064Kb used=278Kb max_used=278Kb free=119785Kb
 bounds [0x00000278ab7d0000, 0x00000278aba40000, 0x00000278b2d10000]
CodeHeap 'profiled nmethods': size=120000Kb used=1611Kb max_used=1611Kb free=118388Kb
 bounds [0x00000278a42a0000, 0x00000278a4510000, 0x00000278ab7d0000]
CodeHeap 'non-nmethods': size=5696Kb used=1150Kb max_used=1170Kb free=4545Kb
 bounds [0x00000278a3d10000, 0x00000278a3f80000, 0x00000278a42a0000]
 total_blobs=1543 nmethods=881 adapters=405
 compilation: enabled
              stopped_count=0, restarted_count=0
 full_count=0

Compilation events (10 events):
Event: 0.738 Thread 0x00000278ba413800  846       4       jdk.internal.org.objectweb.asm.Item::<init> (66 bytes)
Event: 0.739 Thread 0x00000278ba41d800 nmethod 845 0x00000278a4412590 code [0x00000278a44127e0, 0x00000278a4413520]
Event: 0.740 Thread 0x00000278bb354800  847       4       jdk.internal.org.objectweb.asm.ClassWriter::put (152 bytes)
Event: 0.742 Thread 0x00000278ba413800 nmethod 846 0x00000278ab813610 code [0x00000278ab8137a0, 0x00000278ab813a78]
Event: 0.742 Thread 0x00000278ba413800  848       4       jdk.internal.org.objectweb.asm.Frame::execute (2264 bytes)
Event: 0.742 Thread 0x00000278ba41d800  849       3       java.lang.invoke.LambdaForm::returnType (26 bytes)
Event: 0.743 Thread 0x00000278ba41d800 nmethod 849 0x00000278a4413790 code [0x00000278a4413940, 0x00000278a4413b18]
Event: 0.745 Thread 0x00000278bb354800 nmethod 847 0x00000278ab813b10 code [0x00000278ab813ca0, 0x00000278ab813f78]
Event: 0.750 Thread 0x00000278ba41d800  850   !   3       java.util.ImmutableCollections$ListItr::next (34 bytes)
Event: 0.750 Thread 0x00000278ba41d800 nmethod 850 0x00000278a4413c10 code [0x00000278a4413de0, 0x00000278a44140c0]

GC Heap History (0 events):
No events

Deoptimization events (1 events):
Event: 0.116 Thread 0x000002789a228000 Uncommon trap: reason=unstable_if action=reinterpret pc=0x00000278ab7d56fc method=java.lang.String.hashCode()I @ 14 c2

Classes redefined (0 events):
No events

Internal exceptions (7 events):
Event: 0.283 Thread 0x000002789a228000 Exception <a 'java/lang/NoSuchMethodError'{0x000000008a66f1c0}: java.lang.invoke.DirectMethodHandle$Holder.invokeStatic(Ljava/lang/Object;Ljava/lang/Object;Ljava/lang/Object;Ljava/lang/Object;Ljava/lang/Object;Ljava/lang/Object;Ljava/lang/Object;Ljava/lan
Event: 0.288 Thread 0x000002789a228000 Exception <a 'java/lang/NoSuchMethodError'{0x000000008a683af8}: java.lang.invoke.DirectMethodHandle$Holder.invokeStatic(Ljava/lang/Object;Ljava/lang/Object;Ljava/lang/Object;Ljava/lang/Object;Ljava/lang/Object;Ljava/lang/Object;Ljava/lang/Object;Ljava/lan
Event: 0.291 Thread 0x000002789a228000 Exception <a 'java/lang/NoSuchMethodError'{0x000000008a691c88}: java.lang.invoke.DirectMethodHandle$Holder.invokeSpecial(Ljava/lang/Object;Ljava/lang/Object;IIILjava/lang/Object;Ljava/lang/Object;Ljava/lang/Object;Ljava/lang/Object;)Ljava/lang/Object;> (0
Event: 0.291 Thread 0x000002789a228000 Exception <a 'java/lang/NoSuchMethodError'{0x000000008a695438}: java.lang.invoke.DelegatingMethodHandle$Holder.reinvoke_L(Ljava/lang/Object;IIILjava/lang/Object;Ljava/lang/Object;Ljava/lang/Object;Ljava/lang/Object;)Ljava/lang/Object;> (0x000000008a695438
Event: 0.293 Thread 0x000002789a228000 Exception <a 'java/lang/NoSuchMethodError'{0x000000008a69ccc8}: java.lang.invoke.DirectMethodHandle$Holder.invokeStatic(Ljava/lang/Object;Ljava/lang/Object;Ljava/lang/Object;Ljava/lang/Object;Ljava/lang/Object;I)Ljava/lang/Object;> (0x000000008a69ccc8) th
Event: 0.356 Thread 0x000002789a228000 Exception <a 'java/lang/NoSuchMethodError'{0x000000008a56fc98}: java.lang.invoke.DirectMethodHandle$Holder.invokeSpecialIFC(Ljava/lang/Object;Ljava/lang/Object;I)I> (0x000000008a56fc98) thrown at [t:/workspace/open/src/hotspot/share/interpreter/linkResolv
Event: 0.707 Thread 0x000002789a228000 Exception <a 'java/lang/NoSuchMethodError'{0x000000008a0e7748}: java.lang.invoke.DirectMethodHandle$Holder.invokeSpecial(Ljava/lang/Object;Ljava/lang/Object;)V> (0x000000008a0e7748) thrown at [t:/workspace/open/src/hotspot/share/interpreter/linkResolver.c

Events (10 events):
Event: 0.739 Executing VM operation: RevokeBias
Event: 0.740 Executing VM operation: RevokeBias done
Event: 0.741 Executing VM operation: RevokeBias
Event: 0.741 Executing VM operation: RevokeBias done
Event: 0.750 loading class java/lang/invoke/BoundMethodHandle$Species_LLLLLLIIL
Event: 0.750 loading class java/lang/invoke/BoundMethodHandle$Species_LLLLLLIIL done
Event: 0.751 Executing VM operation: RevokeBias
Event: 0.751 Executing VM operation: RevokeBias done
Event: 0.752 Executing VM operation: RevokeBias
Event: 0.752 Executing VM operation: RevokeBias done


Dynamic libraries:
0x00007ff63ae40000 - 0x00007ff63ae87000 	C:\Program Files\Java\jdk-11.0.1\bin\javaw.exe
0x00007ffaddc90000 - 0x00007ffadde71000 	C:\Windows\SYSTEM32\ntdll.dll
0x00007ffadd440000 - 0x00007ffadd4f2000 	C:\Windows\System32\KERNEL32.DLL
0x00007ffada960000 - 0x00007ffadabd3000 	C:\Windows\System32\KERNELBASE.dll
0x00007ffaddbb0000 - 0x00007ffaddc51000 	C:\Windows\System32\ADVAPI32.dll
0x00007ffadd170000 - 0x00007ffadd20e000 	C:\Windows\System32\msvcrt.dll
0x00007ffadd5c0000 - 0x00007ffadd61b000 	C:\Windows\System32\sechost.dll
0x00007ffadd240000 - 0x00007ffadd364000 	C:\Windows\System32\RPCRT4.dll
0x00007ffadc8a0000 - 0x00007ffadca30000 	C:\Windows\System32\USER32.dll
0x00007ffadabe0000 - 0x00007ffadac00000 	C:\Windows\System32\win32u.dll
0x00007ffadd210000 - 0x00007ffadd238000 	C:\Windows\System32\GDI32.dll
0x00007ffadace0000 - 0x00007ffadae72000 	C:\Windows\System32\gdi32full.dll
0x00007ffada060000 - 0x00007ffada0ff000 	C:\Windows\System32\msvcp_win.dll
0x00007ffada100000 - 0x00007ffada1fa000 	C:\Windows\System32\ucrtbase.dll
0x00007ffacd320000 - 0x00007ffacd589000 	C:\Windows\WinSxS\amd64_microsoft.windows.common-controls_6595b64144ccf1df_6.0.17134.590_none_fb3d9bff3069e088\COMCTL32.dll
0x00007ffacd2f0000 - 0x00007ffacd2fa000 	C:\Windows\SYSTEM32\VERSION.dll
0x00007ffadce40000 - 0x00007ffadd162000 	C:\Windows\System32\combase.dll
0x00007ffadac60000 - 0x00007ffadacda000 	C:\Windows\System32\bcryptPrimitives.dll
0x00007ffadc6b0000 - 0x00007ffadc6dd000 	C:\Windows\System32\IMM32.DLL
0x00007ffad2310000 - 0x00007ffad2326000 	C:\Program Files\Java\jdk-11.0.1\bin\vcruntime140.dll
0x00007ffac4590000 - 0x00007ffac463a000 	C:\Program Files\Java\jdk-11.0.1\bin\msvcp140.dll
0x00007ffaa1980000 - 0x00007ffaa24c2000 	C:\Program Files\Java\jdk-11.0.1\bin\server\jvm.dll
0x00007ffadc6e0000 - 0x00007ffadc6e8000 	C:\Windows\System32\PSAPI.DLL
0x00007ffacc640000 - 0x00007ffacc649000 	C:\Windows\SYSTEM32\WSOCK32.dll
0x00007ffad6950000 - 0x00007ffad6973000 	C:\Windows\SYSTEM32\WINMM.dll
0x00007ffadca90000 - 0x00007ffadcafc000 	C:\Windows\System32\WS2_32.dll
0x00007ffad6920000 - 0x00007ffad694a000 	C:\Windows\SYSTEM32\WINMMBASE.dll
0x00007ffada910000 - 0x00007ffada959000 	C:\Windows\System32\cfgmgr32.dll
0x00007ffada020000 - 0x00007ffada031000 	C:\Windows\System32\kernel.appcore.dll
0x00007ffad22b0000 - 0x00007ffad22c1000 	C:\Program Files\Java\jdk-11.0.1\bin\verify.dll
0x00007ffac88f0000 - 0x00007ffac8ab9000 	C:\Windows\SYSTEM32\DBGHELP.DLL
0x00007ffac88c0000 - 0x00007ffac88e9000 	C:\Windows\SYSTEM32\dbgcore.DLL
0x00007ffac7030000 - 0x00007ffac7059000 	C:\Program Files\Java\jdk-11.0.1\bin\java.dll
0x00007ffacf6e0000 - 0x00007ffacf6f6000 	C:\Program Files\Java\jdk-11.0.1\bin\zip.dll
0x00007ffad2e60000 - 0x00007ffad2e6a000 	C:\Program Files\Java\jdk-11.0.1\bin\jimage.dll
0x00007ffadb120000 - 0x00007ffadc560000 	C:\Windows\System32\SHELL32.dll
0x00007ffaddaf0000 - 0x00007ffaddb99000 	C:\Windows\System32\shcore.dll
0x00007ffada200000 - 0x00007ffada90d000 	C:\Windows\System32\windows.storage.dll
0x00007ffadc560000 - 0x00007ffadc5b1000 	C:\Windows\System32\shlwapi.dll
0x00007ffada040000 - 0x00007ffada05f000 	C:\Windows\System32\profapi.dll
0x00007ffad9fd0000 - 0x00007ffada01c000 	C:\Windows\System32\powrprof.dll
0x00007ffad9fa0000 - 0x00007ffad9faa000 	C:\Windows\System32\FLTLIB.DLL
0x00007ffacf670000 - 0x00007ffacf689000 	C:\Program Files\Java\jdk-11.0.1\bin\net.dll
0x00007ffad1160000 - 0x00007ffad123d000 	C:\Windows\SYSTEM32\WINHTTP.dll
0x00007ffad9820000 - 0x00007ffad9886000 	C:\Windows\system32\mswsock.dll
0x00007ffac7440000 - 0x00007ffac7453000 	C:\Program Files\Java\jdk-11.0.1\bin\nio.dll
0x00007ffac4500000 - 0x00007ffac4584000 	C:\Users\Gabe\.wpilib\nativecache\windows\x86-64\ntcorejni.dll.5e53641e39936a05198e723bf5e59bd0
0x00007ffaaa610000 - 0x00007ffaaa8f4000 	C:\Users\Gabe\.wpilib\nativecache\windows\x86-64\cscorejni.dll.7ca781a9691104de355355a3717da257
0x00007ffadcb00000 - 0x00007ffadcc51000 	C:\Windows\System32\ole32.dll
0x00007ffad95a0000 - 0x00007ffad95d8000 	C:\Windows\SYSTEM32\IPHLPAPI.DLL
0x00007ffacbc10000 - 0x00007ffacbdeb000 	C:\Windows\SYSTEM32\MFPlat.DLL
0x00007ffad0e60000 - 0x00007ffad0edb000 	C:\Windows\SYSTEM32\MF.dll
0x00007ffa99ca0000 - 0x00007ffa99d98000 	C:\Windows\SYSTEM32\MFReadWrite.dll
0x00007ffac44a0000 - 0x00007ffac44f1000 	C:\Windows\SYSTEM32\CONCRT140.dll
0x00007ffab3e90000 - 0x00007ffab42be000 	C:\Windows\SYSTEM32\MFCORE.DLL
0x00007ffadae80000 - 0x00007ffadb062000 	C:\Windows\System32\CRYPT32.dll
0x00007ffad9fb0000 - 0x00007ffad9fc2000 	C:\Windows\System32\MSASN1.dll
0x00007ffacbee0000 - 0x00007ffacbee9000 	C:\Windows\SYSTEM32\ksuser.dll
0x00007ffad9b00000 - 0x00007ffad9b25000 	C:\Windows\SYSTEM32\bcrypt.dll
0x00007ffad99f0000 - 0x00007ffad99fb000 	C:\Windows\SYSTEM32\CRYPTBASE.DLL
0x00007ffac6600000 - 0x00007ffac662e000 	C:\Windows\SYSTEM32\RTWorkQ.DLL
0x00007ffa75ae0000 - 0x00007ffa77812000 	C:\Users\Gabe\Documents\javalibs\opencv_java320.dll
0x00007ffadd370000 - 0x00007ffadd433000 	C:\Windows\System32\OLEAUT32.dll
0x00007ffad3490000 - 0x00007ffad349b000 	C:\Windows\SYSTEM32\WINNSI.DLL
0x00007ffadc890000 - 0x00007ffadc898000 	C:\Windows\System32\NSI.dll
0x00007ffad3470000 - 0x00007ffad3486000 	C:\Windows\SYSTEM32\dhcpcsvc6.DLL
0x00007ffad3450000 - 0x00007ffad346a000 	C:\Windows\SYSTEM32\dhcpcsvc.DLL
0x00007ffad7f10000 - 0x00007ffad7fa8000 	C:\Windows\system32\uxtheme.dll
0x00007ffad95e0000 - 0x00007ffad969e000 	C:\Windows\SYSTEM32\DNSAPI.dll
0x000000005ebe0000 - 0x000000005ebea000 	C:\Program Files\National Instruments\Shared\mDNS Responder\nimdnsNSP.dll
0x000000005ebd0000 - 0x000000005ebe0000 	C:\Windows\SYSTEM32\nimdnsResponder.dll
0x00007ffad8570000 - 0x00007ffad8599000 	C:\Windows\system32\dwmapi.dll
0x00007ffadd520000 - 0x00007ffadd5c0000 	C:\Windows\System32\clbcatq.dll
0x00007ffac4860000 - 0x00007ffac48ad000 	C:\Windows\System32\FSClient.dll
0x00007ffac4390000 - 0x00007ffac43de000 	C:\Windows\System32\MFSENSORGROUP.dll
0x00007ffad8d60000 - 0x00007ffad8e1b000 	C:\Windows\System32\dxgi.dll
0x00007ffad6a40000 - 0x00007ffad6d4b000 	C:\Windows\System32\d3d11.dll
0x00007ffac6520000 - 0x00007ffac6536000 	C:\Windows\system32\napinsp.dll
0x00007ffac64a0000 - 0x00007ffac64ba000 	C:\Windows\system32\pnrpnsp.dll
0x00007ffad6400000 - 0x00007ffad6419000 	C:\Windows\system32\NLAapi.dll
0x00007ffac6510000 - 0x00007ffac651e000 	C:\Windows\System32\winrnr.dll
0x00007ffac6150000 - 0x00007ffac6165000 	C:\Windows\System32\wshbth.dll
0x00007ffad0fc0000 - 0x00007ffad1032000 	C:\Windows\System32\fwpuclnt.dll
0x00007ffad5e40000 - 0x00007ffad5e4a000 	C:\Windows\SYSTEM32\AVRT.dll
0x00007ffad06b0000 - 0x00007ffad06ba000 	C:\Windows\System32\rasadhlp.dll

dbghelp: loaded successfully - version: 4.0.5 - missing functions: none
symbol engine: initialized successfully - sym options: 0x614 - pdb path: .;C:\Program Files\Java\jdk-11.0.1\bin;C:\Windows\SYSTEM32;C:\Windows\WinSxS\amd64_microsoft.windows.common-controls_6595b64144ccf1df_6.0.17134.590_none_fb3d9bff3069e088;C:\Program Files\Java\jdk-11.0.1\bin\server;C:\Users\Gabe\.wpilib\nativecache\windows\x86-64;C:\Users\Gabe\Documents\javalibs;C:\Program Files\National Instruments\Shared\mDNS Responder

VM Arguments:
jvm_args: -Djava.library.path=C:\Users\Gabe\Documents\javalibs -Dfile.encoding=Cp1252 
java_command: Main C:\\Git\\TORC-2019-Repository\\Vision Project\\dev\\frc.json -d
java_class_path (initial): C:\Git\TORC-2019-Repository\Vision Project\bin;C:\Users\Gabe\Desktop\java-MultiCameraServer\java-multiCameraServer\cameraserver.jar;C:\Users\Gabe\Documents\javalibs\cscore-java-2019.4.1.jar;C:\Users\Gabe\Documents\javalibs\ntcore-java-2019.4.1.jar;C:\Users\Gabe\Documents\javalibs\opencv-320.jar;C:\Users\Gabe\Desktop\java-MultiCameraServer\java-multiCameraServer\wpiutil.jar;C:\Users\Gabe\Desktop\java-MultiCameraServer\java-multiCameraServer\gson-2.8.5.jar;C:\Users\Gabe\Desktop\java-MultiCameraServer\java-multiCameraServer\commons-lang3-3.8.1.jar;C:\Users\Gabe\Desktop\java-MultiCameraServer\java-multiCameraServer\fst-2.52-onejar.jar;C:\Users\Gabe\Documents\javalibs\ntcore-jni-2019.4.1-all.jar;C:\Users\Gabe\Documents\javalibs\cscore-jni-2019.4.1-all.jar
Launcher Type: SUN_STANDARD

[Global flags]
     intx CICompilerCount                          = 3                                         {product} {ergonomic}
     uint ConcGCThreads                            = 1                                         {product} {ergonomic}
     uint G1ConcRefinementThreads                  = 4                                         {product} {ergonomic}
   size_t G1HeapRegionSize                         = 1048576                                   {product} {ergonomic}
    uintx GCDrainStackTargetSize                   = 64                                        {product} {ergonomic}
   size_t InitialHeapSize                          = 132120576                                 {product} {ergonomic}
   size_t MarkStackSize                            = 4194304                                   {product} {ergonomic}
   size_t MaxHeapSize                              = 2101346304                                {product} {ergonomic}
   size_t MaxNewSize                               = 1260388352                                {product} {ergonomic}
   size_t MinHeapDeltaBytes                        = 1048576                                   {product} {ergonomic}
    uintx NonNMethodCodeHeapSize                   = 5830092                                {pd product} {ergonomic}
    uintx NonProfiledCodeHeapSize                  = 122914074                              {pd product} {ergonomic}
    uintx ProfiledCodeHeapSize                     = 122914074                              {pd product} {ergonomic}
    uintx ReservedCodeCacheSize                    = 251658240                              {pd product} {ergonomic}
     bool SegmentedCodeCache                       = true                                      {product} {ergonomic}
     bool UseCompressedClassPointers               = true                                 {lp64_product} {ergonomic}
     bool UseCompressedOops                        = true                                 {lp64_product} {ergonomic}
     bool UseG1GC                                  = true                                      {product} {ergonomic}
     bool UseLargePagesIndividualAllocation        = false                                  {pd product} {ergonomic}

Logging:
Log output configuration:
 #0: stdout all=warning uptime,level,tags
 #1: stderr all=off uptime,level,tags

Environment Variables:
JAVA_HOME=C:\Program Files\Java\jdk1.8.0_191
PATH=C:/Program Files/Java/jdk1.8.0_191/bin/../jre/bin/server;C:/Program Files/Java/jdk1.8.0_191/bin/../jre/bin;C:/Program Files/Java/jdk1.8.0_191/bin/../jre/lib/amd64;C:\Program Files\Java\jdk1.8.0_191\bin;C:\Windows\system32;C:\Windows;C:\Windows\System32\Wbem;C:\Windows\System32\WindowsPowerShell\v1.0\;C:\Windows\System32\OpenSSH\;C:\Program Files\PuTTY\;C:\Program Files\Git\cmd;C:\Users\Gabe\AppData\Local\Microsoft\WindowsApps;C:\Users\Public\frc2019\roborio\bin;C:\Users\Public\frc2019\frccode;;C:\Users\Gabe\Documents\eclipse;
USERNAME=Gabe
OS=Windows_NT
PROCESSOR_IDENTIFIER=Intel64 Family 6 Model 58 Stepping 9, GenuineIntel



---------------  S Y S T E M  ---------------

OS: Windows 10 , 64 bit Build 17134 (10.0.17134.556)

CPU:total 4 (initial active 4) (2 cores per cpu, 2 threads per core) family 6 model 58 stepping 9, cmov, cx8, fxsr, mmx, sse, sse2, sse3, ssse3, sse4.1, sse4.2, popcnt, avx, aes, clmul, erms, ht, tsc, tscinvbit, tscinv

Memory: 4k page, system-wide physical 8011M (3283M free)
TotalPageFile size 14294M (AvailPageFile size 7289M)
current process WorkingSet (physical memory assigned to process): 74M, peak: 74M
current process commit charge ("private bytes"): 221M, peak: 222M

vm_info: Java HotSpot(TM) 64-Bit Server VM (11.0.1+13-LTS) for windows-amd64 JRE (11.0.1+13-LTS), built on Oct  6 2018 13:20:16 by "mach5one" with MS VC++ 15.5 (VS2017)

END.
